<?xml version="1.0" encoding="UTF-8"?>
<!-- Generated by org.testng.reporters.JUnitReportReporter -->
<testsuite hostname="DESKTOP-26B5BFK" failures="0" tests="29" name="cucumber.framework.runner.siloam.inputdatapage.InputDataOutlineRunner" time="323.362" errors="0" timestamp="2022-10-04T11:49:45 ICT" skipped="0">
  <testcase classname="cucumber.framework.runner.siloam.inputdatapage.InputDataOutlineRunner" name="runScenario" time="12.309"/>
  <system-out/>
  <testcase classname="cucumber.framework.runner.siloam.inputdatapage.InputDataOutlineRunner" name="runScenario" time="11.949"/>
  <system-out/>
  <testcase classname="cucumber.framework.runner.siloam.inputdatapage.InputDataOutlineRunner" name="runScenario" time="10.858"/>
  <system-out/>
  <testcase classname="cucumber.framework.runner.siloam.inputdatapage.InputDataOutlineRunner" name="runScenario" time="10.715"/>
  <system-out/>
  <testcase classname="cucumber.framework.runner.siloam.inputdatapage.InputDataOutlineRunner" name="runScenario" time="11.883"/>
  <system-out/>
  <testcase classname="cucumber.framework.runner.siloam.inputdatapage.InputDataOutlineRunner" name="runScenario" time="11.908"/>
  <system-out/>
  <testcase classname="cucumber.framework.runner.siloam.inputdatapage.InputDataOutlineRunner" name="runScenario" time="10.898"/>
  <system-out/>
  <testcase classname="cucumber.framework.runner.siloam.inputdatapage.InputDataOutlineRunner" name="runScenario" time="10.843"/>
  <system-out/>
  <testcase classname="cucumber.framework.runner.siloam.inputdatapage.InputDataOutlineRunner" name="runScenario" time="11.990"/>
  <system-out/>
  <testcase classname="cucumber.framework.runner.siloam.inputdatapage.InputDataOutlineRunner" name="runScenario" time="10.812"/>
  <system-out/>
  <testcase classname="cucumber.framework.runner.siloam.inputdatapage.InputDataOutlineRunner" name="runScenario" time="10.827"/>
  <system-out/>
  <testcase classname="cucumber.framework.runner.siloam.inputdatapage.InputDataOutlineRunner" name="runScenario" time="10.977"/>
  <system-out/>
  <testcase classname="cucumber.framework.runner.siloam.inputdatapage.InputDataOutlineRunner" name="runScenario" time="10.885"/>
  <system-out/>
  <testcase classname="cucumber.framework.runner.siloam.inputdatapage.InputDataOutlineRunner" name="runScenario" time="11.975"/>
  <system-out/>
  <testcase classname="cucumber.framework.runner.siloam.inputdatapage.InputDataOutlineRunner" name="runScenario" time="12.094"/>
  <system-out/>
  <testcase classname="cucumber.framework.runner.siloam.inputdatapage.InputDataOutlineRunner" name="runScenario" time="9.837"/>
  <system-out/>
  <testcase classname="cucumber.framework.runner.siloam.inputdatapage.InputDataOutlineRunner" name="runScenario" time="8.369"/>
  <system-out/>
  <testcase classname="cucumber.framework.runner.siloam.inputdatapage.InputDataOutlineRunner" name="runScenario" time="10.888"/>
  <system-out/>
  <testcase classname="cucumber.framework.runner.siloam.inputdatapage.InputDataOutlineRunner" name="runScenario" time="10.851"/>
  <system-out/>
  <testcase classname="cucumber.framework.runner.siloam.inputdatapage.InputDataOutlineRunner" name="runScenario" time="11.846"/>
  <system-out/>
  <testcase classname="cucumber.framework.runner.siloam.inputdatapage.InputDataOutlineRunner" name="runScenario" time="9.824"/>
  <system-out/>
  <testcase classname="cucumber.framework.runner.siloam.inputdatapage.InputDataOutlineRunner" name="runScenario" time="10.904"/>
  <system-out/>
  <testcase classname="cucumber.framework.runner.siloam.inputdatapage.InputDataOutlineRunner" name="runScenario" time="10.850"/>
  <system-out/>
  <testcase classname="cucumber.framework.runner.siloam.inputdatapage.InputDataOutlineRunner" name="runScenario" time="12.466"/>
  <system-out/>
  <testcase classname="cucumber.framework.runner.siloam.inputdatapage.InputDataOutlineRunner" name="runScenario" time="10.820"/>
  <system-out/>
  <testcase classname="cucumber.framework.runner.siloam.inputdatapage.InputDataOutlineRunner" name="runScenario" time="12.037"/>
  <system-out/>
  <testcase classname="cucumber.framework.runner.siloam.inputdatapage.InputDataOutlineRunner" name="runScenario" time="11.922"/>
  <system-out/>
  <testcase classname="cucumber.framework.runner.siloam.inputdatapage.InputDataOutlineRunner" name="runScenario" time="10.950"/>
  <system-out/>
  <testcase classname="cucumber.framework.runner.siloam.inputdatapage.InputDataOutlineRunner" name="runScenario" time="10.875"/>
  <system-out/>
</testsuite> <!-- cucumber.framework.runner.siloam.inputdatapage.InputDataOutlineRunner -->
