<?xml version="1.0" encoding="UTF-8"?>
<!-- Generated by org.testng.reporters.JUnitReportReporter -->
<testsuite hostname="DESKTOP-26B5BFK" failures="0" tests="39" name="cucumber.framework.runner.siloam.ttddigitalpage.TandaTanganDigitalOutlineRunner" time="206.193" errors="0" timestamp="2022-10-06T13:02:26 ICT" skipped="0">
  <testcase classname="cucumber.framework.runner.siloam.ttddigitalpage.TandaTanganDigitalOutlineRunner" name="runScenario" time="10.756"/>
  <system-out/>
  <testcase classname="cucumber.framework.runner.siloam.ttddigitalpage.TandaTanganDigitalOutlineRunner" name="runScenario" time="3.267"/>
  <system-out/>
  <testcase classname="cucumber.framework.runner.siloam.ttddigitalpage.TandaTanganDigitalOutlineRunner" name="runScenario" time="2.233"/>
  <system-out/>
  <testcase classname="cucumber.framework.runner.siloam.ttddigitalpage.TandaTanganDigitalOutlineRunner" name="runScenario" time="12.394"/>
  <system-out/>
  <testcase classname="cucumber.framework.runner.siloam.ttddigitalpage.TandaTanganDigitalOutlineRunner" name="runScenario" time="7.085"/>
  <system-out/>
  <testcase classname="cucumber.framework.runner.siloam.ttddigitalpage.TandaTanganDigitalOutlineRunner" name="runScenario" time="8.365"/>
  <system-out/>
  <testcase classname="cucumber.framework.runner.siloam.ttddigitalpage.TandaTanganDigitalOutlineRunner" name="runScenario" time="5.730"/>
  <system-out/>
  <testcase classname="cucumber.framework.runner.siloam.ttddigitalpage.TandaTanganDigitalOutlineRunner" name="runScenario" time="1.206"/>
  <system-out/>
  <testcase classname="cucumber.framework.runner.siloam.ttddigitalpage.TandaTanganDigitalOutlineRunner" name="runScenario" time="7.935"/>
  <system-out/>
  <testcase classname="cucumber.framework.runner.siloam.ttddigitalpage.TandaTanganDigitalOutlineRunner" name="runScenario" time="2.240"/>
  <system-out/>
  <testcase classname="cucumber.framework.runner.siloam.ttddigitalpage.TandaTanganDigitalOutlineRunner" name="runScenario" time="3.323"/>
  <system-out/>
  <testcase classname="cucumber.framework.runner.siloam.ttddigitalpage.TandaTanganDigitalOutlineRunner" name="runScenario" time="3.244"/>
  <system-out/>
  <testcase classname="cucumber.framework.runner.siloam.ttddigitalpage.TandaTanganDigitalOutlineRunner" name="runScenario" time="3.301"/>
  <system-out/>
  <testcase classname="cucumber.framework.runner.siloam.ttddigitalpage.TandaTanganDigitalOutlineRunner" name="runScenario" time="8.760"/>
  <system-out/>
  <testcase classname="cucumber.framework.runner.siloam.ttddigitalpage.TandaTanganDigitalOutlineRunner" name="runScenario" time="2.178"/>
  <system-out/>
  <testcase classname="cucumber.framework.runner.siloam.ttddigitalpage.TandaTanganDigitalOutlineRunner" name="runScenario" time="7.970"/>
  <system-out/>
  <testcase classname="cucumber.framework.runner.siloam.ttddigitalpage.TandaTanganDigitalOutlineRunner" name="runScenario" time="1.173"/>
  <system-out/>
  <testcase classname="cucumber.framework.runner.siloam.ttddigitalpage.TandaTanganDigitalOutlineRunner" name="runScenario" time="10.644"/>
  <system-out/>
  <testcase classname="cucumber.framework.runner.siloam.ttddigitalpage.TandaTanganDigitalOutlineRunner" name="runScenario" time="3.283"/>
  <system-out/>
  <testcase classname="cucumber.framework.runner.siloam.ttddigitalpage.TandaTanganDigitalOutlineRunner" name="runScenario" time="2.264"/>
  <system-out/>
  <testcase classname="cucumber.framework.runner.siloam.ttddigitalpage.TandaTanganDigitalOutlineRunner" name="runScenario" time="2.182"/>
  <system-out/>
  <testcase classname="cucumber.framework.runner.siloam.ttddigitalpage.TandaTanganDigitalOutlineRunner" name="runScenario" time="3.253"/>
  <system-out/>
  <testcase classname="cucumber.framework.runner.siloam.ttddigitalpage.TandaTanganDigitalOutlineRunner" name="runScenario" time="13.887"/>
  <system-out/>
  <testcase classname="cucumber.framework.runner.siloam.ttddigitalpage.TandaTanganDigitalOutlineRunner" name="runScenario" time="2.247"/>
  <system-out/>
  <testcase classname="cucumber.framework.runner.siloam.ttddigitalpage.TandaTanganDigitalOutlineRunner" name="runScenario" time="13.304"/>
  <system-out/>
  <testcase classname="cucumber.framework.runner.siloam.ttddigitalpage.TandaTanganDigitalOutlineRunner" name="runScenario" time="2.206"/>
  <system-out/>
  <testcase classname="cucumber.framework.runner.siloam.ttddigitalpage.TandaTanganDigitalOutlineRunner" name="runScenario" time="1.215"/>
  <system-out/>
  <testcase classname="cucumber.framework.runner.siloam.ttddigitalpage.TandaTanganDigitalOutlineRunner" name="runScenario" time="1.196"/>
  <system-out/>
  <testcase classname="cucumber.framework.runner.siloam.ttddigitalpage.TandaTanganDigitalOutlineRunner" name="runScenario" time="2.173"/>
  <system-out/>
  <testcase classname="cucumber.framework.runner.siloam.ttddigitalpage.TandaTanganDigitalOutlineRunner" name="runScenario" time="15.788"/>
  <system-out/>
  <testcase classname="cucumber.framework.runner.siloam.ttddigitalpage.TandaTanganDigitalOutlineRunner" name="runScenario" time="1.225"/>
  <system-out/>
  <testcase classname="cucumber.framework.runner.siloam.ttddigitalpage.TandaTanganDigitalOutlineRunner" name="runScenario" time="13.325"/>
  <system-out/>
  <testcase classname="cucumber.framework.runner.siloam.ttddigitalpage.TandaTanganDigitalOutlineRunner" name="runScenario" time="7.653"/>
  <system-out/>
  <testcase classname="cucumber.framework.runner.siloam.ttddigitalpage.TandaTanganDigitalOutlineRunner" name="runScenario" time="3.272"/>
  <system-out/>
  <testcase classname="cucumber.framework.runner.siloam.ttddigitalpage.TandaTanganDigitalOutlineRunner" name="runScenario" time="2.246"/>
  <system-out/>
  <testcase classname="cucumber.framework.runner.siloam.ttddigitalpage.TandaTanganDigitalOutlineRunner" name="runScenario" time="5.968"/>
  <system-out/>
  <testcase classname="cucumber.framework.runner.siloam.ttddigitalpage.TandaTanganDigitalOutlineRunner" name="runScenario" time="1.190"/>
  <system-out/>
  <testcase classname="cucumber.framework.runner.siloam.ttddigitalpage.TandaTanganDigitalOutlineRunner" name="runScenario" time="3.269"/>
  <system-out/>
  <testcase classname="cucumber.framework.runner.siloam.ttddigitalpage.TandaTanganDigitalOutlineRunner" name="runScenario" time="3.243"/>
  <system-out/>
</testsuite> <!-- cucumber.framework.runner.siloam.ttddigitalpage.TandaTanganDigitalOutlineRunner -->
