<?xml version="1.0" encoding="UTF-8"?>
<!-- Generated by org.testng.reporters.JUnitReportReporter -->
<testsuite hostname="DESKTOP-26B5BFK" failures="0" tests="43" name="cucumber.framework.runner.siloam.inputdatapage.InputDataOutlineRunner" time="564.938" errors="0" timestamp="2022-10-09T10:24:43 ICT" skipped="0">
  <testcase classname="cucumber.framework.runner.siloam.inputdatapage.InputDataOutlineRunner" name="runScenario" time="13.971"/>
  <system-out/>
  <testcase classname="cucumber.framework.runner.siloam.inputdatapage.InputDataOutlineRunner" name="runScenario" time="14.303"/>
  <system-out/>
  <testcase classname="cucumber.framework.runner.siloam.inputdatapage.InputDataOutlineRunner" name="runScenario" time="12.507"/>
  <system-out/>
  <testcase classname="cucumber.framework.runner.siloam.inputdatapage.InputDataOutlineRunner" name="runScenario" time="13.508"/>
  <system-out/>
  <testcase classname="cucumber.framework.runner.siloam.inputdatapage.InputDataOutlineRunner" name="runScenario" time="13.141"/>
  <system-out/>
  <testcase classname="cucumber.framework.runner.siloam.inputdatapage.InputDataOutlineRunner" name="runScenario" time="2.619"/>
  <system-out/>
  <testcase classname="cucumber.framework.runner.siloam.inputdatapage.InputDataOutlineRunner" name="runScenario" time="13.314"/>
  <system-out/>
  <testcase classname="cucumber.framework.runner.siloam.inputdatapage.InputDataOutlineRunner" name="runScenario" time="14.087"/>
  <system-out/>
  <testcase classname="cucumber.framework.runner.siloam.inputdatapage.InputDataOutlineRunner" name="runScenario" time="13.239"/>
  <system-out/>
  <testcase classname="cucumber.framework.runner.siloam.inputdatapage.InputDataOutlineRunner" name="runScenario" time="13.366"/>
  <system-out/>
  <testcase classname="cucumber.framework.runner.siloam.inputdatapage.InputDataOutlineRunner" name="runScenario" time="12.985"/>
  <system-out/>
  <testcase classname="cucumber.framework.runner.siloam.inputdatapage.InputDataOutlineRunner" name="runScenario" time="11.263"/>
  <system-out/>
  <testcase classname="cucumber.framework.runner.siloam.inputdatapage.InputDataOutlineRunner" name="runScenario" time="12.539"/>
  <system-out/>
  <testcase classname="cucumber.framework.runner.siloam.inputdatapage.InputDataOutlineRunner" name="runScenario" time="14.116"/>
  <system-out/>
  <testcase classname="cucumber.framework.runner.siloam.inputdatapage.InputDataOutlineRunner" name="runScenario" time="14.461"/>
  <system-out/>
  <testcase classname="cucumber.framework.runner.siloam.inputdatapage.InputDataOutlineRunner" name="runScenario" time="13.038"/>
  <system-out/>
  <testcase classname="cucumber.framework.runner.siloam.inputdatapage.InputDataOutlineRunner" name="runScenario" time="14.054"/>
  <system-out/>
  <testcase classname="cucumber.framework.runner.siloam.inputdatapage.InputDataOutlineRunner" name="runScenario" time="13.099"/>
  <system-out/>
  <testcase classname="cucumber.framework.runner.siloam.inputdatapage.InputDataOutlineRunner" name="runScenario" time="14.543"/>
  <system-out/>
  <testcase classname="cucumber.framework.runner.siloam.inputdatapage.InputDataOutlineRunner" name="runScenario" time="14.292"/>
  <system-out/>
  <testcase classname="cucumber.framework.runner.siloam.inputdatapage.InputDataOutlineRunner" name="runScenario" time="13.066"/>
  <system-out/>
  <testcase classname="cucumber.framework.runner.siloam.inputdatapage.InputDataOutlineRunner" name="runScenario" time="13.564"/>
  <system-out/>
  <testcase classname="cucumber.framework.runner.siloam.inputdatapage.InputDataOutlineRunner" name="runScenario" time="13.131"/>
  <system-out/>
  <testcase classname="cucumber.framework.runner.siloam.inputdatapage.InputDataOutlineRunner" name="runScenario" time="12.552"/>
  <system-out/>
  <testcase classname="cucumber.framework.runner.siloam.inputdatapage.InputDataOutlineRunner" name="runScenario" time="13.121"/>
  <system-out/>
  <testcase classname="cucumber.framework.runner.siloam.inputdatapage.InputDataOutlineRunner" name="runScenario" time="12.454"/>
  <system-out/>
  <testcase classname="cucumber.framework.runner.siloam.inputdatapage.InputDataOutlineRunner" name="runScenario" time="14.146"/>
  <system-out/>
  <testcase classname="cucumber.framework.runner.siloam.inputdatapage.InputDataOutlineRunner" name="runScenario" time="13.342"/>
  <system-out/>
  <testcase classname="cucumber.framework.runner.siloam.inputdatapage.InputDataOutlineRunner" name="runScenario" time="13.061"/>
  <system-out/>
  <testcase classname="cucumber.framework.runner.siloam.inputdatapage.InputDataOutlineRunner" name="runScenario" time="13.190"/>
  <system-out/>
  <testcase classname="cucumber.framework.runner.siloam.inputdatapage.InputDataOutlineRunner" name="runScenario" time="14.792"/>
  <system-out/>
  <testcase classname="cucumber.framework.runner.siloam.inputdatapage.InputDataOutlineRunner" name="runScenario" time="13.226"/>
  <system-out/>
  <testcase classname="cucumber.framework.runner.siloam.inputdatapage.InputDataOutlineRunner" name="runScenario" time="12.234"/>
  <system-out/>
  <testcase classname="cucumber.framework.runner.siloam.inputdatapage.InputDataOutlineRunner" name="runScenario" time="13.026"/>
  <system-out/>
  <testcase classname="cucumber.framework.runner.siloam.inputdatapage.InputDataOutlineRunner" name="runScenario" time="13.304"/>
  <system-out/>
  <testcase classname="cucumber.framework.runner.siloam.inputdatapage.InputDataOutlineRunner" name="runScenario" time="14.353"/>
  <system-out/>
  <testcase classname="cucumber.framework.runner.siloam.inputdatapage.InputDataOutlineRunner" name="runScenario" time="14.081"/>
  <system-out/>
  <testcase classname="cucumber.framework.runner.siloam.inputdatapage.InputDataOutlineRunner" name="runScenario" time="13.322"/>
  <system-out/>
  <testcase classname="cucumber.framework.runner.siloam.inputdatapage.InputDataOutlineRunner" name="runScenario" time="14.171"/>
  <system-out/>
  <testcase classname="cucumber.framework.runner.siloam.inputdatapage.InputDataOutlineRunner" name="runScenario" time="12.126"/>
  <system-out/>
  <testcase classname="cucumber.framework.runner.siloam.inputdatapage.InputDataOutlineRunner" name="runScenario" time="13.104"/>
  <system-out/>
  <testcase classname="cucumber.framework.runner.siloam.inputdatapage.InputDataOutlineRunner" name="runScenario" time="13.501"/>
  <system-out/>
  <testcase classname="cucumber.framework.runner.siloam.inputdatapage.InputDataOutlineRunner" name="runScenario" time="13.626"/>
  <system-out/>
</testsuite> <!-- cucumber.framework.runner.siloam.inputdatapage.InputDataOutlineRunner -->
