<?xml version="1.0" encoding="UTF-8"?>
<!-- Generated by org.testng.reporters.JUnitReportReporter -->
<testsuite hostname="DESKTOP-26B5BFK" failures="0" tests="3" name="cucumber.framework.runner.nopc.scenefirst.LoginRunner" time="25.192" errors="0" timestamp="2022-09-23T12:35:50 ICT" skipped="0">
  <testcase classname="cucumber.framework.runner.nopc.scenefirst.LoginRunner" name="runScenario" time="18.232"/>
  <system-out/>
  <testcase classname="cucumber.framework.runner.nopc.scenefirst.LoginRunner" name="runScenario" time="1.521"/>
  <system-out/>
  <testcase classname="cucumber.framework.runner.nopc.scenefirst.LoginRunner" name="runScenario" time="5.439"/>
  <system-out/>
</testsuite> <!-- cucumber.framework.runner.nopc.scenefirst.LoginRunner -->
