<?xml version="1.0" encoding="UTF-8"?>
<!-- Generated by org.testng.reporters.JUnitReportReporter -->
<testsuite hostname="DESKTOP-26B5BFK" failures="0" tests="35" name="cucumber.framework.runner.siloam.uploaddokumenpage.UploadDokumenOutlineRunner" time="179.106" errors="0" timestamp="2022-10-07T14:36:49 ICT" skipped="0">
  <testcase classname="cucumber.framework.runner.siloam.uploaddokumenpage.UploadDokumenOutlineRunner" name="runScenario" time="6.709"/>
  <system-out/>
  <testcase classname="cucumber.framework.runner.siloam.uploaddokumenpage.UploadDokumenOutlineRunner" name="runScenario" time="1.173"/>
  <system-out/>
  <testcase classname="cucumber.framework.runner.siloam.uploaddokumenpage.UploadDokumenOutlineRunner" name="runScenario" time="17.643"/>
  <system-out/>
  <testcase classname="cucumber.framework.runner.siloam.uploaddokumenpage.UploadDokumenOutlineRunner" name="runScenario" time="2.190"/>
  <system-out/>
  <testcase classname="cucumber.framework.runner.siloam.uploaddokumenpage.UploadDokumenOutlineRunner" name="runScenario" time="1.185"/>
  <system-out/>
  <testcase classname="cucumber.framework.runner.siloam.uploaddokumenpage.UploadDokumenOutlineRunner" name="runScenario" time="20.216"/>
  <system-out/>
  <testcase classname="cucumber.framework.runner.siloam.uploaddokumenpage.UploadDokumenOutlineRunner" name="runScenario" time="6.764"/>
  <system-out/>
  <testcase classname="cucumber.framework.runner.siloam.uploaddokumenpage.UploadDokumenOutlineRunner" name="runScenario" time="2.211"/>
  <system-out/>
  <testcase classname="cucumber.framework.runner.siloam.uploaddokumenpage.UploadDokumenOutlineRunner" name="runScenario" time="2.210"/>
  <system-out/>
  <testcase classname="cucumber.framework.runner.siloam.uploaddokumenpage.UploadDokumenOutlineRunner" name="runScenario" time="7.693"/>
  <system-out/>
  <testcase classname="cucumber.framework.runner.siloam.uploaddokumenpage.UploadDokumenOutlineRunner" name="runScenario" time="2.207"/>
  <system-out/>
  <testcase classname="cucumber.framework.runner.siloam.uploaddokumenpage.UploadDokumenOutlineRunner" name="runScenario" time="1.227"/>
  <system-out/>
  <testcase classname="cucumber.framework.runner.siloam.uploaddokumenpage.UploadDokumenOutlineRunner" name="runScenario" time="5.366"/>
  <system-out/>
  <testcase classname="cucumber.framework.runner.siloam.uploaddokumenpage.UploadDokumenOutlineRunner" name="runScenario" time="3.285"/>
  <system-out/>
  <testcase classname="cucumber.framework.runner.siloam.uploaddokumenpage.UploadDokumenOutlineRunner" name="runScenario" time="6.545"/>
  <system-out/>
  <testcase classname="cucumber.framework.runner.siloam.uploaddokumenpage.UploadDokumenOutlineRunner" name="runScenario" time="11.108"/>
  <system-out/>
  <testcase classname="cucumber.framework.runner.siloam.uploaddokumenpage.UploadDokumenOutlineRunner" name="runScenario" time="4.643"/>
  <system-out/>
  <testcase classname="cucumber.framework.runner.siloam.uploaddokumenpage.UploadDokumenOutlineRunner" name="runScenario" time="1.184"/>
  <system-out/>
  <testcase classname="cucumber.framework.runner.siloam.uploaddokumenpage.UploadDokumenOutlineRunner" name="runScenario" time="2.272"/>
  <system-out/>
  <testcase classname="cucumber.framework.runner.siloam.uploaddokumenpage.UploadDokumenOutlineRunner" name="runScenario" time="2.150"/>
  <system-out/>
  <testcase classname="cucumber.framework.runner.siloam.uploaddokumenpage.UploadDokumenOutlineRunner" name="runScenario" time="7.652"/>
  <system-out/>
  <testcase classname="cucumber.framework.runner.siloam.uploaddokumenpage.UploadDokumenOutlineRunner" name="runScenario" time="3.319"/>
  <system-out/>
  <testcase classname="cucumber.framework.runner.siloam.uploaddokumenpage.UploadDokumenOutlineRunner" name="runScenario" time="3.267"/>
  <system-out/>
  <testcase classname="cucumber.framework.runner.siloam.uploaddokumenpage.UploadDokumenOutlineRunner" name="runScenario" time="2.150"/>
  <system-out/>
  <testcase classname="cucumber.framework.runner.siloam.uploaddokumenpage.UploadDokumenOutlineRunner" name="runScenario" time="1.164"/>
  <system-out/>
  <testcase classname="cucumber.framework.runner.siloam.uploaddokumenpage.UploadDokumenOutlineRunner" name="runScenario" time="6.574"/>
  <system-out/>
  <testcase classname="cucumber.framework.runner.siloam.uploaddokumenpage.UploadDokumenOutlineRunner" name="runScenario" time="2.219"/>
  <system-out/>
  <testcase classname="cucumber.framework.runner.siloam.uploaddokumenpage.UploadDokumenOutlineRunner" name="runScenario" time="1.177"/>
  <system-out/>
  <testcase classname="cucumber.framework.runner.siloam.uploaddokumenpage.UploadDokumenOutlineRunner" name="runScenario" time="2.219"/>
  <system-out/>
  <testcase classname="cucumber.framework.runner.siloam.uploaddokumenpage.UploadDokumenOutlineRunner" name="runScenario" time="3.218"/>
  <system-out/>
  <testcase classname="cucumber.framework.runner.siloam.uploaddokumenpage.UploadDokumenOutlineRunner" name="runScenario" time="3.230"/>
  <system-out/>
  <testcase classname="cucumber.framework.runner.siloam.uploaddokumenpage.UploadDokumenOutlineRunner" name="runScenario" time="15.983"/>
  <system-out/>
  <testcase classname="cucumber.framework.runner.siloam.uploaddokumenpage.UploadDokumenOutlineRunner" name="runScenario" time="7.883"/>
  <system-out/>
  <testcase classname="cucumber.framework.runner.siloam.uploaddokumenpage.UploadDokumenOutlineRunner" name="runScenario" time="3.229"/>
  <system-out/>
  <testcase classname="cucumber.framework.runner.siloam.uploaddokumenpage.UploadDokumenOutlineRunner" name="runScenario" time="7.841"/>
  <system-out/>
</testsuite> <!-- cucumber.framework.runner.siloam.uploaddokumenpage.UploadDokumenOutlineRunner -->
