<?xml version="1.0" encoding="UTF-8"?>
<!-- Generated by org.testng.reporters.JUnitReportReporter -->
<testsuite hostname="RushTen" failures="0" tests="18" name="cucumber.framework.runner.siloam.loginpage.LoginOutlineRunner" time="81.667" errors="0" timestamp="2022-10-07T21:06:19 ICT" skipped="0">
  <testcase classname="cucumber.framework.runner.siloam.loginpage.LoginOutlineRunner" name="runScenario" time="3.382"/>
  <system-out/>
  <testcase classname="cucumber.framework.runner.siloam.loginpage.LoginOutlineRunner" name="runScenario" time="4.095"/>
  <system-out/>
  <testcase classname="cucumber.framework.runner.siloam.loginpage.LoginOutlineRunner" name="runScenario" time="4.016"/>
  <system-out/>
  <testcase classname="cucumber.framework.runner.siloam.loginpage.LoginOutlineRunner" name="runScenario" time="3.229"/>
  <system-out/>
  <testcase classname="cucumber.framework.runner.siloam.loginpage.LoginOutlineRunner" name="runScenario" time="3.211"/>
  <system-out/>
  <testcase classname="cucumber.framework.runner.siloam.loginpage.LoginOutlineRunner" name="runScenario" time="4.598"/>
  <system-out/>
  <testcase classname="cucumber.framework.runner.siloam.loginpage.LoginOutlineRunner" name="runScenario" time="3.241"/>
  <system-out/>
  <testcase classname="cucumber.framework.runner.siloam.loginpage.LoginOutlineRunner" name="runScenario" time="3.997"/>
  <system-out/>
  <testcase classname="cucumber.framework.runner.siloam.loginpage.LoginOutlineRunner" name="runScenario" time="3.296"/>
  <system-out/>
  <testcase classname="cucumber.framework.runner.siloam.loginpage.LoginOutlineRunner" name="runScenario" time="4.071"/>
  <system-out/>
  <testcase classname="cucumber.framework.runner.siloam.loginpage.LoginOutlineRunner" name="runScenario" time="3.220"/>
  <system-out/>
  <testcase classname="cucumber.framework.runner.siloam.loginpage.LoginOutlineRunner" name="runScenario" time="5.773"/>
  <system-out/>
  <testcase classname="cucumber.framework.runner.siloam.loginpage.LoginOutlineRunner" name="runScenario" time="4.160"/>
  <system-out/>
  <testcase classname="cucumber.framework.runner.siloam.loginpage.LoginOutlineRunner" name="runScenario" time="16.869"/>
  <system-out/>
  <testcase classname="cucumber.framework.runner.siloam.loginpage.LoginOutlineRunner" name="runScenario" time="3.224"/>
  <system-out/>
  <testcase classname="cucumber.framework.runner.siloam.loginpage.LoginOutlineRunner" name="runScenario" time="4.461"/>
  <system-out/>
  <testcase classname="cucumber.framework.runner.siloam.loginpage.LoginOutlineRunner" name="runScenario" time="3.546"/>
  <system-out/>
  <testcase classname="cucumber.framework.runner.siloam.loginpage.LoginOutlineRunner" name="runScenario" time="3.278"/>
  <system-out/>
</testsuite> <!-- cucumber.framework.runner.siloam.loginpage.LoginOutlineRunner -->
