<?xml version="1.0" encoding="UTF-8"?>
<!-- Generated by org.testng.reporters.JUnitReportReporter -->
<testsuite hostname="RushTen" failures="0" tests="3" name="cucumber.framework.runner.siloam.ttddigitalpage.TandaTanganDigitalOutlineRunner" time="89.078" errors="0" timestamp="2022-10-06T21:06:28 ICT" skipped="0">
  <testcase classname="cucumber.framework.runner.siloam.ttddigitalpage.TandaTanganDigitalOutlineRunner" name="runScenario" time="27.059"/>
  <system-out/>
  <testcase classname="cucumber.framework.runner.siloam.ttddigitalpage.TandaTanganDigitalOutlineRunner" name="runScenario" time="34.888"/>
  <system-out/>
  <testcase classname="cucumber.framework.runner.siloam.ttddigitalpage.TandaTanganDigitalOutlineRunner" name="runScenario" time="27.131"/>
  <system-out/>
</testsuite> <!-- cucumber.framework.runner.siloam.ttddigitalpage.TandaTanganDigitalOutlineRunner -->
