<?xml version="1.0" encoding="UTF-8"?>
<!-- Generated by org.testng.reporters.JUnitReportReporter -->
<testsuite hostname="DESKTOP-26B5BFK" failures="0" tests="43" name="cucumber.framework.runner.siloam.inputdatapage.InputDataOutlineRunner" time="568.140" errors="0" timestamp="2022-10-07T10:49:59 ICT" skipped="0">
  <testcase classname="cucumber.framework.runner.siloam.inputdatapage.InputDataOutlineRunner" name="runScenario" time="2.791"/>
  <system-out/>
  <testcase classname="cucumber.framework.runner.siloam.inputdatapage.InputDataOutlineRunner" name="runScenario" time="12.427"/>
  <system-out/>
  <testcase classname="cucumber.framework.runner.siloam.inputdatapage.InputDataOutlineRunner" name="runScenario" time="13.494"/>
  <system-out/>
  <testcase classname="cucumber.framework.runner.siloam.inputdatapage.InputDataOutlineRunner" name="runScenario" time="13.215"/>
  <system-out/>
  <testcase classname="cucumber.framework.runner.siloam.inputdatapage.InputDataOutlineRunner" name="runScenario" time="13.307"/>
  <system-out/>
  <testcase classname="cucumber.framework.runner.siloam.inputdatapage.InputDataOutlineRunner" name="runScenario" time="14.278"/>
  <system-out/>
  <testcase classname="cucumber.framework.runner.siloam.inputdatapage.InputDataOutlineRunner" name="runScenario" time="11.192"/>
  <system-out/>
  <testcase classname="cucumber.framework.runner.siloam.inputdatapage.InputDataOutlineRunner" name="runScenario" time="13.861"/>
  <system-out/>
  <testcase classname="cucumber.framework.runner.siloam.inputdatapage.InputDataOutlineRunner" name="runScenario" time="13.473"/>
  <system-out/>
  <testcase classname="cucumber.framework.runner.siloam.inputdatapage.InputDataOutlineRunner" name="runScenario" time="12.131"/>
  <system-out/>
  <testcase classname="cucumber.framework.runner.siloam.inputdatapage.InputDataOutlineRunner" name="runScenario" time="13.252"/>
  <system-out/>
  <testcase classname="cucumber.framework.runner.siloam.inputdatapage.InputDataOutlineRunner" name="runScenario" time="13.212"/>
  <system-out/>
  <testcase classname="cucumber.framework.runner.siloam.inputdatapage.InputDataOutlineRunner" name="runScenario" time="14.316"/>
  <system-out/>
  <testcase classname="cucumber.framework.runner.siloam.inputdatapage.InputDataOutlineRunner" name="runScenario" time="13.235"/>
  <system-out/>
  <testcase classname="cucumber.framework.runner.siloam.inputdatapage.InputDataOutlineRunner" name="runScenario" time="13.191"/>
  <system-out/>
  <testcase classname="cucumber.framework.runner.siloam.inputdatapage.InputDataOutlineRunner" name="runScenario" time="14.316"/>
  <system-out/>
  <testcase classname="cucumber.framework.runner.siloam.inputdatapage.InputDataOutlineRunner" name="runScenario" time="13.201"/>
  <system-out/>
  <testcase classname="cucumber.framework.runner.siloam.inputdatapage.InputDataOutlineRunner" name="runScenario" time="12.525"/>
  <system-out/>
  <testcase classname="cucumber.framework.runner.siloam.inputdatapage.InputDataOutlineRunner" name="runScenario" time="13.748"/>
  <system-out/>
  <testcase classname="cucumber.framework.runner.siloam.inputdatapage.InputDataOutlineRunner" name="runScenario" time="13.263"/>
  <system-out/>
  <testcase classname="cucumber.framework.runner.siloam.inputdatapage.InputDataOutlineRunner" name="runScenario" time="14.459"/>
  <system-out/>
  <testcase classname="cucumber.framework.runner.siloam.inputdatapage.InputDataOutlineRunner" name="runScenario" time="13.202"/>
  <system-out/>
  <testcase classname="cucumber.framework.runner.siloam.inputdatapage.InputDataOutlineRunner" name="runScenario" time="13.332"/>
  <system-out/>
  <testcase classname="cucumber.framework.runner.siloam.inputdatapage.InputDataOutlineRunner" name="runScenario" time="13.291"/>
  <system-out/>
  <testcase classname="cucumber.framework.runner.siloam.inputdatapage.InputDataOutlineRunner" name="runScenario" time="14.239"/>
  <system-out/>
  <testcase classname="cucumber.framework.runner.siloam.inputdatapage.InputDataOutlineRunner" name="runScenario" time="13.239"/>
  <system-out/>
  <testcase classname="cucumber.framework.runner.siloam.inputdatapage.InputDataOutlineRunner" name="runScenario" time="14.306"/>
  <system-out/>
  <testcase classname="cucumber.framework.runner.siloam.inputdatapage.InputDataOutlineRunner" name="runScenario" time="13.351"/>
  <system-out/>
  <testcase classname="cucumber.framework.runner.siloam.inputdatapage.InputDataOutlineRunner" name="runScenario" time="13.252"/>
  <system-out/>
  <testcase classname="cucumber.framework.runner.siloam.inputdatapage.InputDataOutlineRunner" name="runScenario" time="13.250"/>
  <system-out/>
  <testcase classname="cucumber.framework.runner.siloam.inputdatapage.InputDataOutlineRunner" name="runScenario" time="12.199"/>
  <system-out/>
  <testcase classname="cucumber.framework.runner.siloam.inputdatapage.InputDataOutlineRunner" name="runScenario" time="15.128"/>
  <system-out/>
  <testcase classname="cucumber.framework.runner.siloam.inputdatapage.InputDataOutlineRunner" name="runScenario" time="14.308"/>
  <system-out/>
  <testcase classname="cucumber.framework.runner.siloam.inputdatapage.InputDataOutlineRunner" name="runScenario" time="13.156"/>
  <system-out/>
  <testcase classname="cucumber.framework.runner.siloam.inputdatapage.InputDataOutlineRunner" name="runScenario" time="12.135"/>
  <system-out/>
  <testcase classname="cucumber.framework.runner.siloam.inputdatapage.InputDataOutlineRunner" name="runScenario" time="14.433"/>
  <system-out/>
  <testcase classname="cucumber.framework.runner.siloam.inputdatapage.InputDataOutlineRunner" name="runScenario" time="13.268"/>
  <system-out/>
  <testcase classname="cucumber.framework.runner.siloam.inputdatapage.InputDataOutlineRunner" name="runScenario" time="13.337"/>
  <system-out/>
  <testcase classname="cucumber.framework.runner.siloam.inputdatapage.InputDataOutlineRunner" name="runScenario" time="13.195"/>
  <system-out/>
  <testcase classname="cucumber.framework.runner.siloam.inputdatapage.InputDataOutlineRunner" name="runScenario" time="13.698"/>
  <system-out/>
  <testcase classname="cucumber.framework.runner.siloam.inputdatapage.InputDataOutlineRunner" name="runScenario" time="14.430"/>
  <system-out/>
  <testcase classname="cucumber.framework.runner.siloam.inputdatapage.InputDataOutlineRunner" name="runScenario" time="14.299"/>
  <system-out/>
  <testcase classname="cucumber.framework.runner.siloam.inputdatapage.InputDataOutlineRunner" name="runScenario" time="14.205"/>
  <system-out/>
</testsuite> <!-- cucumber.framework.runner.siloam.inputdatapage.InputDataOutlineRunner -->
