<?xml version="1.0" encoding="UTF-8"?>
<!-- Generated by org.testng.reporters.JUnitReportReporter -->
<testsuite hostname="DESKTOP-26B5BFK" failures="0" tests="18" name="cucumber.framework.runner.siloam.loginpage.LoginOutlineRunner" time="30.421" errors="0" timestamp="2022-10-07T14:27:39 ICT" skipped="0">
  <testcase classname="cucumber.framework.runner.siloam.loginpage.LoginOutlineRunner" name="runScenario" time="2.439"/>
  <system-out/>
  <testcase classname="cucumber.framework.runner.siloam.loginpage.LoginOutlineRunner" name="runScenario" time="0.805"/>
  <system-out/>
  <testcase classname="cucumber.framework.runner.siloam.loginpage.LoginOutlineRunner" name="runScenario" time="0.576"/>
  <system-out/>
  <testcase classname="cucumber.framework.runner.siloam.loginpage.LoginOutlineRunner" name="runScenario" time="0.360"/>
  <system-out/>
  <testcase classname="cucumber.framework.runner.siloam.loginpage.LoginOutlineRunner" name="runScenario" time="2.851"/>
  <system-out/>
  <testcase classname="cucumber.framework.runner.siloam.loginpage.LoginOutlineRunner" name="runScenario" time="0.802"/>
  <system-out/>
  <testcase classname="cucumber.framework.runner.siloam.loginpage.LoginOutlineRunner" name="runScenario" time="0.309"/>
  <system-out/>
  <testcase classname="cucumber.framework.runner.siloam.loginpage.LoginOutlineRunner" name="runScenario" time="0.534"/>
  <system-out/>
  <testcase classname="cucumber.framework.runner.siloam.loginpage.LoginOutlineRunner" name="runScenario" time="2.424"/>
  <system-out/>
  <testcase classname="cucumber.framework.runner.siloam.loginpage.LoginOutlineRunner" name="runScenario" time="2.263"/>
  <system-out/>
  <testcase classname="cucumber.framework.runner.siloam.loginpage.LoginOutlineRunner" name="runScenario" time="0.547"/>
  <system-out/>
  <testcase classname="cucumber.framework.runner.siloam.loginpage.LoginOutlineRunner" name="runScenario" time="0.827"/>
  <system-out/>
  <testcase classname="cucumber.framework.runner.siloam.loginpage.LoginOutlineRunner" name="runScenario" time="1.409"/>
  <system-out/>
  <testcase classname="cucumber.framework.runner.siloam.loginpage.LoginOutlineRunner" name="runScenario" time="1.551"/>
  <system-out/>
  <testcase classname="cucumber.framework.runner.siloam.loginpage.LoginOutlineRunner" name="runScenario" time="1.952"/>
  <system-out/>
  <testcase classname="cucumber.framework.runner.siloam.loginpage.LoginOutlineRunner" name="runScenario" time="0.539"/>
  <system-out/>
  <testcase classname="cucumber.framework.runner.siloam.loginpage.LoginOutlineRunner" name="runScenario" time="9.393"/>
  <system-out/>
  <testcase classname="cucumber.framework.runner.siloam.loginpage.LoginOutlineRunner" name="runScenario" time="0.840"/>
  <system-out/>
</testsuite> <!-- cucumber.framework.runner.siloam.loginpage.LoginOutlineRunner -->
