<?xml version="1.0" encoding="UTF-8"?>
<!-- Generated by org.testng.reporters.JUnitReportReporter -->
<testsuite hostname="DESKTOP-26B5BFK" failures="0" tests="18" name="cucumber.framework.runner.siloam.loginpage.LoginOutlineRunner" time="79.719" errors="0" timestamp="2022-10-09T09:46:01 ICT" skipped="0">
  <testcase classname="cucumber.framework.runner.siloam.loginpage.LoginOutlineRunner" name="runScenario" time="4.054"/>
  <system-out/>
  <testcase classname="cucumber.framework.runner.siloam.loginpage.LoginOutlineRunner" name="runScenario" time="3.534"/>
  <system-out/>
  <testcase classname="cucumber.framework.runner.siloam.loginpage.LoginOutlineRunner" name="runScenario" time="3.565"/>
  <system-out/>
  <testcase classname="cucumber.framework.runner.siloam.loginpage.LoginOutlineRunner" name="runScenario" time="3.642"/>
  <system-out/>
  <testcase classname="cucumber.framework.runner.siloam.loginpage.LoginOutlineRunner" name="runScenario" time="3.617"/>
  <system-out/>
  <testcase classname="cucumber.framework.runner.siloam.loginpage.LoginOutlineRunner" name="runScenario" time="3.555"/>
  <system-out/>
  <testcase classname="cucumber.framework.runner.siloam.loginpage.LoginOutlineRunner" name="runScenario" time="4.338"/>
  <system-out/>
  <testcase classname="cucumber.framework.runner.siloam.loginpage.LoginOutlineRunner" name="runScenario" time="3.543"/>
  <system-out/>
  <testcase classname="cucumber.framework.runner.siloam.loginpage.LoginOutlineRunner" name="runScenario" time="3.831"/>
  <system-out/>
  <testcase classname="cucumber.framework.runner.siloam.loginpage.LoginOutlineRunner" name="runScenario" time="4.535"/>
  <system-out/>
  <testcase classname="cucumber.framework.runner.siloam.loginpage.LoginOutlineRunner" name="runScenario" time="4.618"/>
  <system-out/>
  <testcase classname="cucumber.framework.runner.siloam.loginpage.LoginOutlineRunner" name="runScenario" time="3.888"/>
  <system-out/>
  <testcase classname="cucumber.framework.runner.siloam.loginpage.LoginOutlineRunner" name="runScenario" time="3.562"/>
  <system-out/>
  <testcase classname="cucumber.framework.runner.siloam.loginpage.LoginOutlineRunner" name="runScenario" time="3.910"/>
  <system-out/>
  <testcase classname="cucumber.framework.runner.siloam.loginpage.LoginOutlineRunner" name="runScenario" time="3.550"/>
  <system-out/>
  <testcase classname="cucumber.framework.runner.siloam.loginpage.LoginOutlineRunner" name="runScenario" time="3.641"/>
  <system-out/>
  <testcase classname="cucumber.framework.runner.siloam.loginpage.LoginOutlineRunner" name="runScenario" time="14.798"/>
  <system-out/>
  <testcase classname="cucumber.framework.runner.siloam.loginpage.LoginOutlineRunner" name="runScenario" time="3.538"/>
  <system-out/>
</testsuite> <!-- cucumber.framework.runner.siloam.loginpage.LoginOutlineRunner -->
