<?xml version="1.0" encoding="UTF-8"?>
<!-- Generated by org.testng.reporters.JUnitReportReporter -->
<testsuite hostname="DESKTOP-26B5BFK" failures="0" tests="35" name="cucumber.framework.runner.siloam.uploaddokumenpage.UploadDokumenOutlineRunner" time="182.090" errors="0" timestamp="2022-10-05T14:53:48 ICT" skipped="0">
  <testcase classname="cucumber.framework.runner.siloam.uploaddokumenpage.UploadDokumenOutlineRunner" name="runScenario" time="3.345"/>
  <system-out/>
  <testcase classname="cucumber.framework.runner.siloam.uploaddokumenpage.UploadDokumenOutlineRunner" name="runScenario" time="2.255"/>
  <system-out/>
  <testcase classname="cucumber.framework.runner.siloam.uploaddokumenpage.UploadDokumenOutlineRunner" name="runScenario" time="3.254"/>
  <system-out/>
  <testcase classname="cucumber.framework.runner.siloam.uploaddokumenpage.UploadDokumenOutlineRunner" name="runScenario" time="17.645"/>
  <system-out/>
  <testcase classname="cucumber.framework.runner.siloam.uploaddokumenpage.UploadDokumenOutlineRunner" name="runScenario" time="1.182"/>
  <system-out/>
  <testcase classname="cucumber.framework.runner.siloam.uploaddokumenpage.UploadDokumenOutlineRunner" name="runScenario" time="7.834"/>
  <system-out/>
  <testcase classname="cucumber.framework.runner.siloam.uploaddokumenpage.UploadDokumenOutlineRunner" name="runScenario" time="1.211"/>
  <system-out/>
  <testcase classname="cucumber.framework.runner.siloam.uploaddokumenpage.UploadDokumenOutlineRunner" name="runScenario" time="8.231"/>
  <system-out/>
  <testcase classname="cucumber.framework.runner.siloam.uploaddokumenpage.UploadDokumenOutlineRunner" name="runScenario" time="4.970"/>
  <system-out/>
  <testcase classname="cucumber.framework.runner.siloam.uploaddokumenpage.UploadDokumenOutlineRunner" name="runScenario" time="2.173"/>
  <system-out/>
  <testcase classname="cucumber.framework.runner.siloam.uploaddokumenpage.UploadDokumenOutlineRunner" name="runScenario" time="7.028"/>
  <system-out/>
  <testcase classname="cucumber.framework.runner.siloam.uploaddokumenpage.UploadDokumenOutlineRunner" name="runScenario" time="5.854"/>
  <system-out/>
  <testcase classname="cucumber.framework.runner.siloam.uploaddokumenpage.UploadDokumenOutlineRunner" name="runScenario" time="16.517"/>
  <system-out/>
  <testcase classname="cucumber.framework.runner.siloam.uploaddokumenpage.UploadDokumenOutlineRunner" name="runScenario" time="14.426"/>
  <system-out/>
  <testcase classname="cucumber.framework.runner.siloam.uploaddokumenpage.UploadDokumenOutlineRunner" name="runScenario" time="8.315"/>
  <system-out/>
  <testcase classname="cucumber.framework.runner.siloam.uploaddokumenpage.UploadDokumenOutlineRunner" name="runScenario" time="6.953"/>
  <system-out/>
  <testcase classname="cucumber.framework.runner.siloam.uploaddokumenpage.UploadDokumenOutlineRunner" name="runScenario" time="2.178"/>
  <system-out/>
  <testcase classname="cucumber.framework.runner.siloam.uploaddokumenpage.UploadDokumenOutlineRunner" name="runScenario" time="1.220"/>
  <system-out/>
  <testcase classname="cucumber.framework.runner.siloam.uploaddokumenpage.UploadDokumenOutlineRunner" name="runScenario" time="7.853"/>
  <system-out/>
  <testcase classname="cucumber.framework.runner.siloam.uploaddokumenpage.UploadDokumenOutlineRunner" name="runScenario" time="3.301"/>
  <system-out/>
  <testcase classname="cucumber.framework.runner.siloam.uploaddokumenpage.UploadDokumenOutlineRunner" name="runScenario" time="2.256"/>
  <system-out/>
  <testcase classname="cucumber.framework.runner.siloam.uploaddokumenpage.UploadDokumenOutlineRunner" name="runScenario" time="2.348"/>
  <system-out/>
  <testcase classname="cucumber.framework.runner.siloam.uploaddokumenpage.UploadDokumenOutlineRunner" name="runScenario" time="1.272"/>
  <system-out/>
  <testcase classname="cucumber.framework.runner.siloam.uploaddokumenpage.UploadDokumenOutlineRunner" name="runScenario" time="7.461"/>
  <system-out/>
  <testcase classname="cucumber.framework.runner.siloam.uploaddokumenpage.UploadDokumenOutlineRunner" name="runScenario" time="3.254"/>
  <system-out/>
  <testcase classname="cucumber.framework.runner.siloam.uploaddokumenpage.UploadDokumenOutlineRunner" name="runScenario" time="3.303"/>
  <system-out/>
  <testcase classname="cucumber.framework.runner.siloam.uploaddokumenpage.UploadDokumenOutlineRunner" name="runScenario" time="3.239"/>
  <system-out/>
  <testcase classname="cucumber.framework.runner.siloam.uploaddokumenpage.UploadDokumenOutlineRunner" name="runScenario" time="2.290"/>
  <system-out/>
  <testcase classname="cucumber.framework.runner.siloam.uploaddokumenpage.UploadDokumenOutlineRunner" name="runScenario" time="2.302"/>
  <system-out/>
  <testcase classname="cucumber.framework.runner.siloam.uploaddokumenpage.UploadDokumenOutlineRunner" name="runScenario" time="1.183"/>
  <system-out/>
  <testcase classname="cucumber.framework.runner.siloam.uploaddokumenpage.UploadDokumenOutlineRunner" name="runScenario" time="1.203"/>
  <system-out/>
  <testcase classname="cucumber.framework.runner.siloam.uploaddokumenpage.UploadDokumenOutlineRunner" name="runScenario" time="7.954"/>
  <system-out/>
  <testcase classname="cucumber.framework.runner.siloam.uploaddokumenpage.UploadDokumenOutlineRunner" name="runScenario" time="2.236"/>
  <system-out/>
  <testcase classname="cucumber.framework.runner.siloam.uploaddokumenpage.UploadDokumenOutlineRunner" name="runScenario" time="13.854"/>
  <system-out/>
  <testcase classname="cucumber.framework.runner.siloam.uploaddokumenpage.UploadDokumenOutlineRunner" name="runScenario" time="2.190"/>
  <system-out/>
</testsuite> <!-- cucumber.framework.runner.siloam.uploaddokumenpage.UploadDokumenOutlineRunner -->
