<?xml version="1.0" encoding="UTF-8"?>
<!-- Generated by org.testng.reporters.JUnitReportReporter -->
<testsuite hostname="DESKTOP-26B5BFK" failures="0" tests="38" name="cucumber.framework.runner.siloam.formreturnpage.FormReturnRunner" time="358.262" errors="0" timestamp="2022-10-09T11:10:41 ICT" skipped="0">
  <testcase classname="cucumber.framework.runner.siloam.formreturnpage.FormReturnRunner" name="runScenario" time="17.525"/>
  <system-out/>
  <testcase classname="cucumber.framework.runner.siloam.formreturnpage.FormReturnRunner" name="runScenario" time="4.768"/>
  <system-out/>
  <testcase classname="cucumber.framework.runner.siloam.formreturnpage.FormReturnRunner" name="runScenario" time="10.892"/>
  <system-out/>
  <testcase classname="cucumber.framework.runner.siloam.formreturnpage.FormReturnRunner" name="runScenario" time="17.386"/>
  <system-out/>
  <testcase classname="cucumber.framework.runner.siloam.formreturnpage.FormReturnRunner" name="runScenario" time="1.858"/>
  <system-out/>
  <testcase classname="cucumber.framework.runner.siloam.formreturnpage.FormReturnRunner" name="runScenario" time="16.330"/>
  <system-out/>
  <testcase classname="cucumber.framework.runner.siloam.formreturnpage.FormReturnRunner" name="runScenario" time="13.069"/>
  <system-out/>
  <testcase classname="cucumber.framework.runner.siloam.formreturnpage.FormReturnRunner" name="runScenario" time="10.930"/>
  <system-out/>
  <testcase classname="cucumber.framework.runner.siloam.formreturnpage.FormReturnRunner" name="runScenario" time="12.148"/>
  <system-out/>
  <testcase classname="cucumber.framework.runner.siloam.formreturnpage.FormReturnRunner" name="runScenario" time="11.094"/>
  <system-out/>
  <testcase classname="cucumber.framework.runner.siloam.formreturnpage.FormReturnRunner" name="runScenario" time="21.894"/>
  <system-out/>
  <testcase classname="cucumber.framework.runner.siloam.formreturnpage.FormReturnRunner" name="runScenario" time="11.037"/>
  <system-out/>
  <testcase classname="cucumber.framework.runner.siloam.formreturnpage.FormReturnRunner" name="runScenario" time="12.127"/>
  <system-out/>
  <testcase classname="cucumber.framework.runner.siloam.formreturnpage.FormReturnRunner" name="runScenario" time="1.601"/>
  <system-out/>
  <testcase classname="cucumber.framework.runner.siloam.formreturnpage.FormReturnRunner" name="runScenario" time="4.923"/>
  <system-out/>
  <testcase classname="cucumber.framework.runner.siloam.formreturnpage.FormReturnRunner" name="runScenario" time="1.578"/>
  <system-out/>
  <testcase classname="cucumber.framework.runner.siloam.formreturnpage.FormReturnRunner" name="runScenario" time="4.738"/>
  <system-out/>
  <testcase classname="cucumber.framework.runner.siloam.formreturnpage.FormReturnRunner" name="runScenario" time="3.613"/>
  <system-out/>
  <testcase classname="cucumber.framework.runner.siloam.formreturnpage.FormReturnRunner" name="runScenario" time="10.195"/>
  <system-out/>
  <testcase classname="cucumber.framework.runner.siloam.formreturnpage.FormReturnRunner" name="runScenario" time="13.025"/>
  <system-out/>
  <testcase classname="cucumber.framework.runner.siloam.formreturnpage.FormReturnRunner" name="runScenario" time="3.422"/>
  <system-out/>
  <testcase classname="cucumber.framework.runner.siloam.formreturnpage.FormReturnRunner" name="runScenario" time="12.528"/>
  <system-out/>
  <testcase classname="cucumber.framework.runner.siloam.formreturnpage.FormReturnRunner" name="runScenario" time="14.307"/>
  <system-out/>
  <testcase classname="cucumber.framework.runner.siloam.formreturnpage.FormReturnRunner" name="runScenario" time="1.870"/>
  <system-out/>
  <testcase classname="cucumber.framework.runner.siloam.formreturnpage.FormReturnRunner" name="runScenario" time="8.967"/>
  <system-out/>
  <testcase classname="cucumber.framework.runner.siloam.formreturnpage.FormReturnRunner" name="runScenario" time="3.406"/>
  <system-out/>
  <testcase classname="cucumber.framework.runner.siloam.formreturnpage.FormReturnRunner" name="runScenario" time="15.226"/>
  <system-out/>
  <testcase classname="cucumber.framework.runner.siloam.formreturnpage.FormReturnRunner" name="runScenario" time="3.363"/>
  <system-out/>
  <testcase classname="cucumber.framework.runner.siloam.formreturnpage.FormReturnRunner" name="runScenario" time="11.965"/>
  <system-out/>
  <testcase classname="cucumber.framework.runner.siloam.formreturnpage.FormReturnRunner" name="runScenario" time="9.189"/>
  <system-out/>
  <testcase classname="cucumber.framework.runner.siloam.formreturnpage.FormReturnRunner" name="runScenario" time="6.403"/>
  <system-out/>
  <testcase classname="cucumber.framework.runner.siloam.formreturnpage.FormReturnRunner" name="runScenario" time="4.740"/>
  <system-out/>
  <testcase classname="cucumber.framework.runner.siloam.formreturnpage.FormReturnRunner" name="runScenario" time="12.888"/>
  <system-out/>
  <testcase classname="cucumber.framework.runner.siloam.formreturnpage.FormReturnRunner" name="runScenario" time="2.153"/>
  <system-out/>
  <testcase classname="cucumber.framework.runner.siloam.formreturnpage.FormReturnRunner" name="runScenario" time="12.255"/>
  <system-out/>
  <testcase classname="cucumber.framework.runner.siloam.formreturnpage.FormReturnRunner" name="runScenario" time="12.080"/>
  <system-out/>
  <testcase classname="cucumber.framework.runner.siloam.formreturnpage.FormReturnRunner" name="runScenario" time="11.639"/>
  <system-out/>
  <testcase classname="cucumber.framework.runner.siloam.formreturnpage.FormReturnRunner" name="runScenario" time="11.130"/>
  <system-out/>
</testsuite> <!-- cucumber.framework.runner.siloam.formreturnpage.FormReturnRunner -->
