<?xml version="1.0" encoding="UTF-8"?>
<!-- Generated by org.testng.reporters.JUnitReportReporter -->
<testsuite hostname="DESKTOP-26B5BFK" failures="0" tests="38" name="cucumber.framework.runner.siloam.formreturnpage.FormReturnRunner" time="375.404" errors="0" timestamp="2022-10-04T14:07:08 ICT" skipped="0">
  <testcase classname="cucumber.framework.runner.siloam.formreturnpage.FormReturnRunner" name="runScenario" time="21.633"/>
  <system-out/>
  <testcase classname="cucumber.framework.runner.siloam.formreturnpage.FormReturnRunner" name="runScenario" time="4.772"/>
  <system-out/>
  <testcase classname="cucumber.framework.runner.siloam.formreturnpage.FormReturnRunner" name="runScenario" time="11.515"/>
  <system-out/>
  <testcase classname="cucumber.framework.runner.siloam.formreturnpage.FormReturnRunner" name="runScenario" time="17.820"/>
  <system-out/>
  <testcase classname="cucumber.framework.runner.siloam.formreturnpage.FormReturnRunner" name="runScenario" time="1.666"/>
  <system-out/>
  <testcase classname="cucumber.framework.runner.siloam.formreturnpage.FormReturnRunner" name="runScenario" time="16.123"/>
  <system-out/>
  <testcase classname="cucumber.framework.runner.siloam.formreturnpage.FormReturnRunner" name="runScenario" time="13.214"/>
  <system-out/>
  <testcase classname="cucumber.framework.runner.siloam.formreturnpage.FormReturnRunner" name="runScenario" time="11.656"/>
  <system-out/>
  <testcase classname="cucumber.framework.runner.siloam.formreturnpage.FormReturnRunner" name="runScenario" time="13.005"/>
  <system-out/>
  <testcase classname="cucumber.framework.runner.siloam.formreturnpage.FormReturnRunner" name="runScenario" time="11.403"/>
  <system-out/>
  <testcase classname="cucumber.framework.runner.siloam.formreturnpage.FormReturnRunner" name="runScenario" time="26.732"/>
  <system-out/>
  <testcase classname="cucumber.framework.runner.siloam.formreturnpage.FormReturnRunner" name="runScenario" time="11.510"/>
  <system-out/>
  <testcase classname="cucumber.framework.runner.siloam.formreturnpage.FormReturnRunner" name="runScenario" time="12.516"/>
  <system-out/>
  <testcase classname="cucumber.framework.runner.siloam.formreturnpage.FormReturnRunner" name="runScenario" time="1.559"/>
  <system-out/>
  <testcase classname="cucumber.framework.runner.siloam.formreturnpage.FormReturnRunner" name="runScenario" time="5.545"/>
  <system-out/>
  <testcase classname="cucumber.framework.runner.siloam.formreturnpage.FormReturnRunner" name="runScenario" time="1.564"/>
  <system-out/>
  <testcase classname="cucumber.framework.runner.siloam.formreturnpage.FormReturnRunner" name="runScenario" time="4.684"/>
  <system-out/>
  <testcase classname="cucumber.framework.runner.siloam.formreturnpage.FormReturnRunner" name="runScenario" time="3.368"/>
  <system-out/>
  <testcase classname="cucumber.framework.runner.siloam.formreturnpage.FormReturnRunner" name="runScenario" time="10.671"/>
  <system-out/>
  <testcase classname="cucumber.framework.runner.siloam.formreturnpage.FormReturnRunner" name="runScenario" time="13.274"/>
  <system-out/>
  <testcase classname="cucumber.framework.runner.siloam.formreturnpage.FormReturnRunner" name="runScenario" time="3.347"/>
  <system-out/>
  <testcase classname="cucumber.framework.runner.siloam.formreturnpage.FormReturnRunner" name="runScenario" time="12.893"/>
  <system-out/>
  <testcase classname="cucumber.framework.runner.siloam.formreturnpage.FormReturnRunner" name="runScenario" time="15.214"/>
  <system-out/>
  <testcase classname="cucumber.framework.runner.siloam.formreturnpage.FormReturnRunner" name="runScenario" time="1.545"/>
  <system-out/>
  <testcase classname="cucumber.framework.runner.siloam.formreturnpage.FormReturnRunner" name="runScenario" time="9.253"/>
  <system-out/>
  <testcase classname="cucumber.framework.runner.siloam.formreturnpage.FormReturnRunner" name="runScenario" time="3.365"/>
  <system-out/>
  <testcase classname="cucumber.framework.runner.siloam.formreturnpage.FormReturnRunner" name="runScenario" time="15.917"/>
  <system-out/>
  <testcase classname="cucumber.framework.runner.siloam.formreturnpage.FormReturnRunner" name="runScenario" time="3.344"/>
  <system-out/>
  <testcase classname="cucumber.framework.runner.siloam.formreturnpage.FormReturnRunner" name="runScenario" time="12.337"/>
  <system-out/>
  <testcase classname="cucumber.framework.runner.siloam.formreturnpage.FormReturnRunner" name="runScenario" time="9.362"/>
  <system-out/>
  <testcase classname="cucumber.framework.runner.siloam.formreturnpage.FormReturnRunner" name="runScenario" time="8.043"/>
  <system-out/>
  <testcase classname="cucumber.framework.runner.siloam.formreturnpage.FormReturnRunner" name="runScenario" time="4.845"/>
  <system-out/>
  <testcase classname="cucumber.framework.runner.siloam.formreturnpage.FormReturnRunner" name="runScenario" time="13.361"/>
  <system-out/>
  <testcase classname="cucumber.framework.runner.siloam.formreturnpage.FormReturnRunner" name="runScenario" time="1.507"/>
  <system-out/>
  <testcase classname="cucumber.framework.runner.siloam.formreturnpage.FormReturnRunner" name="runScenario" time="12.562"/>
  <system-out/>
  <testcase classname="cucumber.framework.runner.siloam.formreturnpage.FormReturnRunner" name="runScenario" time="12.524"/>
  <system-out/>
  <testcase classname="cucumber.framework.runner.siloam.formreturnpage.FormReturnRunner" name="runScenario" time="10.722"/>
  <system-out/>
  <testcase classname="cucumber.framework.runner.siloam.formreturnpage.FormReturnRunner" name="runScenario" time="11.033"/>
  <system-out/>
</testsuite> <!-- cucumber.framework.runner.siloam.formreturnpage.FormReturnRunner -->
