<?xml version="1.0" encoding="UTF-8"?>
<!-- Generated by org.testng.reporters.JUnitReportReporter -->
<testsuite hostname="DESKTOP-26B5BFK" failures="0" tests="35" name="cucumber.framework.runner.siloam.uploaddokumenpage.UploadDokumenOutlineRunner" time="158.327" errors="0" timestamp="2022-10-09T10:39:53 ICT" skipped="0">
  <testcase classname="cucumber.framework.runner.siloam.uploaddokumenpage.UploadDokumenOutlineRunner" name="runScenario" time="2.218"/>
  <system-out/>
  <testcase classname="cucumber.framework.runner.siloam.uploaddokumenpage.UploadDokumenOutlineRunner" name="runScenario" time="12.214"/>
  <system-out/>
  <testcase classname="cucumber.framework.runner.siloam.uploaddokumenpage.UploadDokumenOutlineRunner" name="runScenario" time="1.162"/>
  <system-out/>
  <testcase classname="cucumber.framework.runner.siloam.uploaddokumenpage.UploadDokumenOutlineRunner" name="runScenario" time="2.150"/>
  <system-out/>
  <testcase classname="cucumber.framework.runner.siloam.uploaddokumenpage.UploadDokumenOutlineRunner" name="runScenario" time="5.256"/>
  <system-out/>
  <testcase classname="cucumber.framework.runner.siloam.uploaddokumenpage.UploadDokumenOutlineRunner" name="runScenario" time="1.192"/>
  <system-out/>
  <testcase classname="cucumber.framework.runner.siloam.uploaddokumenpage.UploadDokumenOutlineRunner" name="runScenario" time="3.229"/>
  <system-out/>
  <testcase classname="cucumber.framework.runner.siloam.uploaddokumenpage.UploadDokumenOutlineRunner" name="runScenario" time="2.281"/>
  <system-out/>
  <testcase classname="cucumber.framework.runner.siloam.uploaddokumenpage.UploadDokumenOutlineRunner" name="runScenario" time="2.244"/>
  <system-out/>
  <testcase classname="cucumber.framework.runner.siloam.uploaddokumenpage.UploadDokumenOutlineRunner" name="runScenario" time="4.278"/>
  <system-out/>
  <testcase classname="cucumber.framework.runner.siloam.uploaddokumenpage.UploadDokumenOutlineRunner" name="runScenario" time="2.157"/>
  <system-out/>
  <testcase classname="cucumber.framework.runner.siloam.uploaddokumenpage.UploadDokumenOutlineRunner" name="runScenario" time="6.636"/>
  <system-out/>
  <testcase classname="cucumber.framework.runner.siloam.uploaddokumenpage.UploadDokumenOutlineRunner" name="runScenario" time="5.281"/>
  <system-out/>
  <testcase classname="cucumber.framework.runner.siloam.uploaddokumenpage.UploadDokumenOutlineRunner" name="runScenario" time="7.358"/>
  <system-out/>
  <testcase classname="cucumber.framework.runner.siloam.uploaddokumenpage.UploadDokumenOutlineRunner" name="runScenario" time="12.203"/>
  <system-out/>
  <testcase classname="cucumber.framework.runner.siloam.uploaddokumenpage.UploadDokumenOutlineRunner" name="runScenario" time="10.619"/>
  <system-out/>
  <testcase classname="cucumber.framework.runner.siloam.uploaddokumenpage.UploadDokumenOutlineRunner" name="runScenario" time="3.304"/>
  <system-out/>
  <testcase classname="cucumber.framework.runner.siloam.uploaddokumenpage.UploadDokumenOutlineRunner" name="runScenario" time="1.194"/>
  <system-out/>
  <testcase classname="cucumber.framework.runner.siloam.uploaddokumenpage.UploadDokumenOutlineRunner" name="runScenario" time="6.699"/>
  <system-out/>
  <testcase classname="cucumber.framework.runner.siloam.uploaddokumenpage.UploadDokumenOutlineRunner" name="runScenario" time="7.433"/>
  <system-out/>
  <testcase classname="cucumber.framework.runner.siloam.uploaddokumenpage.UploadDokumenOutlineRunner" name="runScenario" time="6.653"/>
  <system-out/>
  <testcase classname="cucumber.framework.runner.siloam.uploaddokumenpage.UploadDokumenOutlineRunner" name="runScenario" time="2.171"/>
  <system-out/>
  <testcase classname="cucumber.framework.runner.siloam.uploaddokumenpage.UploadDokumenOutlineRunner" name="runScenario" time="3.271"/>
  <system-out/>
  <testcase classname="cucumber.framework.runner.siloam.uploaddokumenpage.UploadDokumenOutlineRunner" name="runScenario" time="2.237"/>
  <system-out/>
  <testcase classname="cucumber.framework.runner.siloam.uploaddokumenpage.UploadDokumenOutlineRunner" name="runScenario" time="2.297"/>
  <system-out/>
  <testcase classname="cucumber.framework.runner.siloam.uploaddokumenpage.UploadDokumenOutlineRunner" name="runScenario" time="1.274"/>
  <system-out/>
  <testcase classname="cucumber.framework.runner.siloam.uploaddokumenpage.UploadDokumenOutlineRunner" name="runScenario" time="1.209"/>
  <system-out/>
  <testcase classname="cucumber.framework.runner.siloam.uploaddokumenpage.UploadDokumenOutlineRunner" name="runScenario" time="3.302"/>
  <system-out/>
  <testcase classname="cucumber.framework.runner.siloam.uploaddokumenpage.UploadDokumenOutlineRunner" name="runScenario" time="3.233"/>
  <system-out/>
  <testcase classname="cucumber.framework.runner.siloam.uploaddokumenpage.UploadDokumenOutlineRunner" name="runScenario" time="7.420"/>
  <system-out/>
  <testcase classname="cucumber.framework.runner.siloam.uploaddokumenpage.UploadDokumenOutlineRunner" name="runScenario" time="1.162"/>
  <system-out/>
  <testcase classname="cucumber.framework.runner.siloam.uploaddokumenpage.UploadDokumenOutlineRunner" name="runScenario" time="12.205"/>
  <system-out/>
  <testcase classname="cucumber.framework.runner.siloam.uploaddokumenpage.UploadDokumenOutlineRunner" name="runScenario" time="7.362"/>
  <system-out/>
  <testcase classname="cucumber.framework.runner.siloam.uploaddokumenpage.UploadDokumenOutlineRunner" name="runScenario" time="2.206"/>
  <system-out/>
  <testcase classname="cucumber.framework.runner.siloam.uploaddokumenpage.UploadDokumenOutlineRunner" name="runScenario" time="3.217"/>
  <system-out/>
</testsuite> <!-- cucumber.framework.runner.siloam.uploaddokumenpage.UploadDokumenOutlineRunner -->
