<?xml version="1.0" encoding="UTF-8"?>
<!-- Generated by org.testng.reporters.JUnitReportReporter -->
<testsuite hostname="DESKTOP-26B5BFK" failures="0" tests="38" name="cucumber.framework.runner.siloam.inputdatapage.InputDataOutlineRunner" time="436.146" errors="0" timestamp="2022-10-04T14:59:00 ICT" skipped="0">
  <testcase classname="cucumber.framework.runner.siloam.inputdatapage.InputDataOutlineRunner" name="runScenario" time="12.425"/>
  <system-out/>
  <testcase classname="cucumber.framework.runner.siloam.inputdatapage.InputDataOutlineRunner" name="runScenario" time="12.372"/>
  <system-out/>
  <testcase classname="cucumber.framework.runner.siloam.inputdatapage.InputDataOutlineRunner" name="runScenario" time="12.240"/>
  <system-out/>
  <testcase classname="cucumber.framework.runner.siloam.inputdatapage.InputDataOutlineRunner" name="runScenario" time="11.259"/>
  <system-out/>
  <testcase classname="cucumber.framework.runner.siloam.inputdatapage.InputDataOutlineRunner" name="runScenario" time="11.248"/>
  <system-out/>
  <testcase classname="cucumber.framework.runner.siloam.inputdatapage.InputDataOutlineRunner" name="runScenario" time="11.142"/>
  <system-out/>
  <testcase classname="cucumber.framework.runner.siloam.inputdatapage.InputDataOutlineRunner" name="runScenario" time="10.340"/>
  <system-out/>
  <testcase classname="cucumber.framework.runner.siloam.inputdatapage.InputDataOutlineRunner" name="runScenario" time="12.263"/>
  <system-out/>
  <testcase classname="cucumber.framework.runner.siloam.inputdatapage.InputDataOutlineRunner" name="runScenario" time="11.217"/>
  <system-out/>
  <testcase classname="cucumber.framework.runner.siloam.inputdatapage.InputDataOutlineRunner" name="runScenario" time="11.650"/>
  <system-out/>
  <testcase classname="cucumber.framework.runner.siloam.inputdatapage.InputDataOutlineRunner" name="runScenario" time="12.302"/>
  <system-out/>
  <testcase classname="cucumber.framework.runner.siloam.inputdatapage.InputDataOutlineRunner" name="runScenario" time="12.268"/>
  <system-out/>
  <testcase classname="cucumber.framework.runner.siloam.inputdatapage.InputDataOutlineRunner" name="runScenario" time="11.206"/>
  <system-out/>
  <testcase classname="cucumber.framework.runner.siloam.inputdatapage.InputDataOutlineRunner" name="runScenario" time="11.237"/>
  <system-out/>
  <testcase classname="cucumber.framework.runner.siloam.inputdatapage.InputDataOutlineRunner" name="runScenario" time="11.261"/>
  <system-out/>
  <testcase classname="cucumber.framework.runner.siloam.inputdatapage.InputDataOutlineRunner" name="runScenario" time="10.127"/>
  <system-out/>
  <testcase classname="cucumber.framework.runner.siloam.inputdatapage.InputDataOutlineRunner" name="runScenario" time="11.120"/>
  <system-out/>
  <testcase classname="cucumber.framework.runner.siloam.inputdatapage.InputDataOutlineRunner" name="runScenario" time="10.059"/>
  <system-out/>
  <testcase classname="cucumber.framework.runner.siloam.inputdatapage.InputDataOutlineRunner" name="runScenario" time="11.206"/>
  <system-out/>
  <testcase classname="cucumber.framework.runner.siloam.inputdatapage.InputDataOutlineRunner" name="runScenario" time="11.517"/>
  <system-out/>
  <testcase classname="cucumber.framework.runner.siloam.inputdatapage.InputDataOutlineRunner" name="runScenario" time="11.434"/>
  <system-out/>
  <testcase classname="cucumber.framework.runner.siloam.inputdatapage.InputDataOutlineRunner" name="runScenario" time="11.151"/>
  <system-out/>
  <testcase classname="cucumber.framework.runner.siloam.inputdatapage.InputDataOutlineRunner" name="runScenario" time="11.242"/>
  <system-out/>
  <testcase classname="cucumber.framework.runner.siloam.inputdatapage.InputDataOutlineRunner" name="runScenario" time="11.267"/>
  <system-out/>
  <testcase classname="cucumber.framework.runner.siloam.inputdatapage.InputDataOutlineRunner" name="runScenario" time="11.311"/>
  <system-out/>
  <testcase classname="cucumber.framework.runner.siloam.inputdatapage.InputDataOutlineRunner" name="runScenario" time="12.269"/>
  <system-out/>
  <testcase classname="cucumber.framework.runner.siloam.inputdatapage.InputDataOutlineRunner" name="runScenario" time="12.221"/>
  <system-out/>
  <testcase classname="cucumber.framework.runner.siloam.inputdatapage.InputDataOutlineRunner" name="runScenario" time="11.188"/>
  <system-out/>
  <testcase classname="cucumber.framework.runner.siloam.inputdatapage.InputDataOutlineRunner" name="runScenario" time="10.159"/>
  <system-out/>
  <testcase classname="cucumber.framework.runner.siloam.inputdatapage.InputDataOutlineRunner" name="runScenario" time="11.682"/>
  <system-out/>
  <testcase classname="cucumber.framework.runner.siloam.inputdatapage.InputDataOutlineRunner" name="runScenario" time="11.167"/>
  <system-out/>
  <testcase classname="cucumber.framework.runner.siloam.inputdatapage.InputDataOutlineRunner" name="runScenario" time="12.441"/>
  <system-out/>
  <testcase classname="cucumber.framework.runner.siloam.inputdatapage.InputDataOutlineRunner" name="runScenario" time="12.250"/>
  <system-out/>
  <testcase classname="cucumber.framework.runner.siloam.inputdatapage.InputDataOutlineRunner" name="runScenario" time="12.977"/>
  <system-out/>
  <testcase classname="cucumber.framework.runner.siloam.inputdatapage.InputDataOutlineRunner" name="runScenario" time="11.180"/>
  <system-out/>
  <testcase classname="cucumber.framework.runner.siloam.inputdatapage.InputDataOutlineRunner" name="runScenario" time="11.162"/>
  <system-out/>
  <testcase classname="cucumber.framework.runner.siloam.inputdatapage.InputDataOutlineRunner" name="runScenario" time="11.254"/>
  <system-out/>
  <testcase classname="cucumber.framework.runner.siloam.inputdatapage.InputDataOutlineRunner" name="runScenario" time="11.332"/>
  <system-out/>
</testsuite> <!-- cucumber.framework.runner.siloam.inputdatapage.InputDataOutlineRunner -->
