<?xml version="1.0" encoding="UTF-8"?>
<!-- Generated by org.testng.reporters.JUnitReportReporter -->
<testsuite hostname="DESKTOP-26B5BFK" failures="0" tests="3" name="cucumber.framework.runner.siloam.viewexportpageoutline.ViewExportRunnerOutline" time="38.583" errors="0" timestamp="2022-10-03T08:41:18 ICT" skipped="0">
  <testcase classname="cucumber.framework.runner.siloam.viewexportpageoutline.ViewExportRunnerOutline" name="runScenario" time="15.538"/>
  <system-out/>
  <testcase classname="cucumber.framework.runner.siloam.viewexportpageoutline.ViewExportRunnerOutline" name="runScenario" time="11.466"/>
  <system-out/>
  <testcase classname="cucumber.framework.runner.siloam.viewexportpageoutline.ViewExportRunnerOutline" name="runScenario" time="11.579"/>
  <system-out/>
</testsuite> <!-- cucumber.framework.runner.siloam.viewexportpageoutline.ViewExportRunnerOutline -->
