<?xml version="1.0" encoding="UTF-8"?>
<!-- Generated by org.testng.reporters.JUnitReportReporter -->
<testsuite hostname="DESKTOP-26B5BFK" failures="1" tests="18" name="cucumber.framework.runner.siloam.viewexportpage.ViewExportRunnerOutline" time="319.934" errors="0" timestamp="2022-10-09T10:01:20 ICT" skipped="0">
  <testcase classname="cucumber.framework.runner.siloam.viewexportpage.ViewExportRunnerOutline" name="runScenario" time="13.932"/>
  <system-out/>
  <testcase classname="cucumber.framework.runner.siloam.viewexportpage.ViewExportRunnerOutline" name="runScenario" time="30.800"/>
  <system-out/>
  <testcase classname="cucumber.framework.runner.siloam.viewexportpage.ViewExportRunnerOutline" name="runScenario" time="35.568">
    <failure type="java.lang.AssertionError">
      <![CDATA[java.lang.AssertionError
at org.junit.Assert.fail(Assert.java:92)
at org.junit.Assert.assertTrue(Assert.java:43)
at org.junit.Assert.assertFalse(Assert.java:68)
at org.junit.Assert.assertFalse(Assert.java:79)
at cucumber.framework.runner.siloam.viewexportpage.TestPreviewData.siloam050_validasi_data_pada_dokumen_pdf(TestPreviewData.java:82)
at âœ½.Siloam050 Validasi Data Pada Dokumen PDF(file:///C:/Users/Nexsoft/git/TugasAkhir/Novri/TA-SQUAD-KEL-SATU/TA-SQUAD-KEL-SATU/src/test/resources/features/siloam-outline/050AdminMenekanPreviewData.feature:11)
]]>
    </failure>
  </testcase> <!-- runScenario -->
  <system-out/>
  <testcase classname="cucumber.framework.runner.siloam.viewexportpage.ViewExportRunnerOutline" name="runScenario" time="46.317"/>
  <system-out/>
  <testcase classname="cucumber.framework.runner.siloam.viewexportpage.ViewExportRunnerOutline" name="runScenario" time="11.468"/>
  <system-out/>
  <testcase classname="cucumber.framework.runner.siloam.viewexportpage.ViewExportRunnerOutline" name="runScenario" time="14.022"/>
  <system-out/>
  <testcase classname="cucumber.framework.runner.siloam.viewexportpage.ViewExportRunnerOutline" name="runScenario" time="13.982"/>
  <system-out/>
  <testcase classname="cucumber.framework.runner.siloam.viewexportpage.ViewExportRunnerOutline" name="runScenario" time="8.044"/>
  <system-out/>
  <testcase classname="cucumber.framework.runner.siloam.viewexportpage.ViewExportRunnerOutline" name="runScenario" time="6.158"/>
  <system-out/>
  <testcase classname="cucumber.framework.runner.siloam.viewexportpage.ViewExportRunnerOutline" name="runScenario" time="21.463"/>
  <system-out/>
  <testcase classname="cucumber.framework.runner.siloam.viewexportpage.ViewExportRunnerOutline" name="runScenario" time="6.757"/>
  <system-out/>
  <testcase classname="cucumber.framework.runner.siloam.viewexportpage.ViewExportRunnerOutline" name="runScenario" time="7.224"/>
  <system-out/>
  <testcase classname="cucumber.framework.runner.siloam.viewexportpage.ViewExportRunnerOutline" name="runScenario" time="13.512"/>
  <system-out/>
  <testcase classname="cucumber.framework.runner.siloam.viewexportpage.ViewExportRunnerOutline" name="runScenario" time="22.534"/>
  <system-out/>
  <testcase classname="cucumber.framework.runner.siloam.viewexportpage.ViewExportRunnerOutline" name="runScenario" time="10.895"/>
  <system-out/>
  <testcase classname="cucumber.framework.runner.siloam.viewexportpage.ViewExportRunnerOutline" name="runScenario" time="16.955"/>
  <system-out/>
  <testcase classname="cucumber.framework.runner.siloam.viewexportpage.ViewExportRunnerOutline" name="runScenario" time="29.099"/>
  <system-out/>
  <testcase classname="cucumber.framework.runner.siloam.viewexportpage.ViewExportRunnerOutline" name="runScenario" time="11.204"/>
  <system-out/>
</testsuite> <!-- cucumber.framework.runner.siloam.viewexportpage.ViewExportRunnerOutline -->
