<?xml version="1.0" encoding="UTF-8"?>
<!-- Generated by org.testng.reporters.JUnitReportReporter -->
<testsuite hostname="RushTen" failures="0" tests="3" name="cucumber.framework.runner.siloam.ttddigitalpage.TandaTanganDigitalOutlineRunner" time="112.623" errors="0" timestamp="2022-10-06T22:04:07 ICT" skipped="0">
  <testcase classname="cucumber.framework.runner.siloam.ttddigitalpage.TandaTanganDigitalOutlineRunner" name="runScenario" time="46.399"/>
  <system-out/>
  <testcase classname="cucumber.framework.runner.siloam.ttddigitalpage.TandaTanganDigitalOutlineRunner" name="runScenario" time="32.477"/>
  <system-out/>
  <testcase classname="cucumber.framework.runner.siloam.ttddigitalpage.TandaTanganDigitalOutlineRunner" name="runScenario" time="33.747"/>
  <system-out/>
</testsuite> <!-- cucumber.framework.runner.siloam.ttddigitalpage.TandaTanganDigitalOutlineRunner -->
