<?xml version="1.0" encoding="UTF-8"?>
<!-- Generated by org.testng.reporters.JUnitReportReporter -->
<testsuite hostname="DESKTOP-26B5BFK" failures="0" tests="38" name="cucumber.framework.runner.siloam.formreturnpage.FormReturnRunner" time="350.675" errors="0" timestamp="2022-10-07T14:51:26 ICT" skipped="0">
  <testcase classname="cucumber.framework.runner.siloam.formreturnpage.FormReturnRunner" name="runScenario" time="15.241"/>
  <system-out/>
  <testcase classname="cucumber.framework.runner.siloam.formreturnpage.FormReturnRunner" name="runScenario" time="10.757"/>
  <system-out/>
  <testcase classname="cucumber.framework.runner.siloam.formreturnpage.FormReturnRunner" name="runScenario" time="12.953"/>
  <system-out/>
  <testcase classname="cucumber.framework.runner.siloam.formreturnpage.FormReturnRunner" name="runScenario" time="11.898"/>
  <system-out/>
  <testcase classname="cucumber.framework.runner.siloam.formreturnpage.FormReturnRunner" name="runScenario" time="3.311"/>
  <system-out/>
  <testcase classname="cucumber.framework.runner.siloam.formreturnpage.FormReturnRunner" name="runScenario" time="20.136"/>
  <system-out/>
  <testcase classname="cucumber.framework.runner.siloam.formreturnpage.FormReturnRunner" name="runScenario" time="12.609"/>
  <system-out/>
  <testcase classname="cucumber.framework.runner.siloam.formreturnpage.FormReturnRunner" name="runScenario" time="11.713"/>
  <system-out/>
  <testcase classname="cucumber.framework.runner.siloam.formreturnpage.FormReturnRunner" name="runScenario" time="4.558"/>
  <system-out/>
  <testcase classname="cucumber.framework.runner.siloam.formreturnpage.FormReturnRunner" name="runScenario" time="8.841"/>
  <system-out/>
  <testcase classname="cucumber.framework.runner.siloam.formreturnpage.FormReturnRunner" name="runScenario" time="4.612"/>
  <system-out/>
  <testcase classname="cucumber.framework.runner.siloam.formreturnpage.FormReturnRunner" name="runScenario" time="11.089"/>
  <system-out/>
  <testcase classname="cucumber.framework.runner.siloam.formreturnpage.FormReturnRunner" name="runScenario" time="12.910"/>
  <system-out/>
  <testcase classname="cucumber.framework.runner.siloam.formreturnpage.FormReturnRunner" name="runScenario" time="1.387"/>
  <system-out/>
  <testcase classname="cucumber.framework.runner.siloam.formreturnpage.FormReturnRunner" name="runScenario" time="8.711"/>
  <system-out/>
  <testcase classname="cucumber.framework.runner.siloam.formreturnpage.FormReturnRunner" name="runScenario" time="6.322"/>
  <system-out/>
  <testcase classname="cucumber.framework.runner.siloam.formreturnpage.FormReturnRunner" name="runScenario" time="17.527"/>
  <system-out/>
  <testcase classname="cucumber.framework.runner.siloam.formreturnpage.FormReturnRunner" name="runScenario" time="4.602"/>
  <system-out/>
  <testcase classname="cucumber.framework.runner.siloam.formreturnpage.FormReturnRunner" name="runScenario" time="12.115"/>
  <system-out/>
  <testcase classname="cucumber.framework.runner.siloam.formreturnpage.FormReturnRunner" name="runScenario" time="11.888"/>
  <system-out/>
  <testcase classname="cucumber.framework.runner.siloam.formreturnpage.FormReturnRunner" name="runScenario" time="4.604"/>
  <system-out/>
  <testcase classname="cucumber.framework.runner.siloam.formreturnpage.FormReturnRunner" name="runScenario" time="1.409"/>
  <system-out/>
  <testcase classname="cucumber.framework.runner.siloam.formreturnpage.FormReturnRunner" name="runScenario" time="11.002"/>
  <system-out/>
  <testcase classname="cucumber.framework.runner.siloam.formreturnpage.FormReturnRunner" name="runScenario" time="17.742"/>
  <system-out/>
  <testcase classname="cucumber.framework.runner.siloam.formreturnpage.FormReturnRunner" name="runScenario" time="3.291"/>
  <system-out/>
  <testcase classname="cucumber.framework.runner.siloam.formreturnpage.FormReturnRunner" name="runScenario" time="1.401"/>
  <system-out/>
  <testcase classname="cucumber.framework.runner.siloam.formreturnpage.FormReturnRunner" name="runScenario" time="10.246"/>
  <system-out/>
  <testcase classname="cucumber.framework.runner.siloam.formreturnpage.FormReturnRunner" name="runScenario" time="14.120"/>
  <system-out/>
  <testcase classname="cucumber.framework.runner.siloam.formreturnpage.FormReturnRunner" name="runScenario" time="10.981"/>
  <system-out/>
  <testcase classname="cucumber.framework.runner.siloam.formreturnpage.FormReturnRunner" name="runScenario" time="15.333"/>
  <system-out/>
  <testcase classname="cucumber.framework.runner.siloam.formreturnpage.FormReturnRunner" name="runScenario" time="14.228"/>
  <system-out/>
  <testcase classname="cucumber.framework.runner.siloam.formreturnpage.FormReturnRunner" name="runScenario" time="1.615"/>
  <system-out/>
  <testcase classname="cucumber.framework.runner.siloam.formreturnpage.FormReturnRunner" name="runScenario" time="11.389"/>
  <system-out/>
  <testcase classname="cucumber.framework.runner.siloam.formreturnpage.FormReturnRunner" name="runScenario" time="1.636"/>
  <system-out/>
  <testcase classname="cucumber.framework.runner.siloam.formreturnpage.FormReturnRunner" name="runScenario" time="3.296"/>
  <system-out/>
  <testcase classname="cucumber.framework.runner.siloam.formreturnpage.FormReturnRunner" name="runScenario" time="3.325"/>
  <system-out/>
  <testcase classname="cucumber.framework.runner.siloam.formreturnpage.FormReturnRunner" name="runScenario" time="11.263"/>
  <system-out/>
  <testcase classname="cucumber.framework.runner.siloam.formreturnpage.FormReturnRunner" name="runScenario" time="10.614"/>
  <system-out/>
</testsuite> <!-- cucumber.framework.runner.siloam.formreturnpage.FormReturnRunner -->
