<?xml version="1.0" encoding="UTF-8"?>
<!-- Generated by org.testng.reporters.JUnitReportReporter -->
<testsuite hostname="RushTen" failures="0" tests="23" name="cucumber.framework.runner.siloam.uploaddokumenpage.UploadDokumenOutlineRunner" time="77.073" errors="0" timestamp="2022-10-04T23:29:38 ICT" skipped="0">
  <testcase classname="cucumber.framework.runner.siloam.uploaddokumenpage.UploadDokumenOutlineRunner" name="runScenario" time="2.085"/>
  <system-out/>
  <testcase classname="cucumber.framework.runner.siloam.uploaddokumenpage.UploadDokumenOutlineRunner" name="runScenario" time="2.109"/>
  <system-out/>
  <testcase classname="cucumber.framework.runner.siloam.uploaddokumenpage.UploadDokumenOutlineRunner" name="runScenario" time="1.072"/>
  <system-out/>
  <testcase classname="cucumber.framework.runner.siloam.uploaddokumenpage.UploadDokumenOutlineRunner" name="runScenario" time="8.909"/>
  <system-out/>
  <testcase classname="cucumber.framework.runner.siloam.uploaddokumenpage.UploadDokumenOutlineRunner" name="runScenario" time="2.105"/>
  <system-out/>
  <testcase classname="cucumber.framework.runner.siloam.uploaddokumenpage.UploadDokumenOutlineRunner" name="runScenario" time="3.111"/>
  <system-out/>
  <testcase classname="cucumber.framework.runner.siloam.uploaddokumenpage.UploadDokumenOutlineRunner" name="runScenario" time="6.511"/>
  <system-out/>
  <testcase classname="cucumber.framework.runner.siloam.uploaddokumenpage.UploadDokumenOutlineRunner" name="runScenario" time="1.060"/>
  <system-out/>
  <testcase classname="cucumber.framework.runner.siloam.uploaddokumenpage.UploadDokumenOutlineRunner" name="runScenario" time="3.135"/>
  <system-out/>
  <testcase classname="cucumber.framework.runner.siloam.uploaddokumenpage.UploadDokumenOutlineRunner" name="runScenario" time="7.058"/>
  <system-out/>
  <testcase classname="cucumber.framework.runner.siloam.uploaddokumenpage.UploadDokumenOutlineRunner" name="runScenario" time="1.065"/>
  <system-out/>
  <testcase classname="cucumber.framework.runner.siloam.uploaddokumenpage.UploadDokumenOutlineRunner" name="runScenario" time="1.076"/>
  <system-out/>
  <testcase classname="cucumber.framework.runner.siloam.uploaddokumenpage.UploadDokumenOutlineRunner" name="runScenario" time="3.116"/>
  <system-out/>
  <testcase classname="cucumber.framework.runner.siloam.uploaddokumenpage.UploadDokumenOutlineRunner" name="runScenario" time="2.106"/>
  <system-out/>
  <testcase classname="cucumber.framework.runner.siloam.uploaddokumenpage.UploadDokumenOutlineRunner" name="runScenario" time="4.945"/>
  <system-out/>
  <testcase classname="cucumber.framework.runner.siloam.uploaddokumenpage.UploadDokumenOutlineRunner" name="runScenario" time="2.113"/>
  <system-out/>
  <testcase classname="cucumber.framework.runner.siloam.uploaddokumenpage.UploadDokumenOutlineRunner" name="runScenario" time="1.094"/>
  <system-out/>
  <testcase classname="cucumber.framework.runner.siloam.uploaddokumenpage.UploadDokumenOutlineRunner" name="runScenario" time="6.408"/>
  <system-out/>
  <testcase classname="cucumber.framework.runner.siloam.uploaddokumenpage.UploadDokumenOutlineRunner" name="runScenario" time="6.370"/>
  <system-out/>
  <testcase classname="cucumber.framework.runner.siloam.uploaddokumenpage.UploadDokumenOutlineRunner" name="runScenario" time="2.116"/>
  <system-out/>
  <testcase classname="cucumber.framework.runner.siloam.uploaddokumenpage.UploadDokumenOutlineRunner" name="runScenario" time="4.972"/>
  <system-out/>
  <testcase classname="cucumber.framework.runner.siloam.uploaddokumenpage.UploadDokumenOutlineRunner" name="runScenario" time="1.073"/>
  <system-out/>
  <testcase classname="cucumber.framework.runner.siloam.uploaddokumenpage.UploadDokumenOutlineRunner" name="runScenario" time="3.464"/>
  <system-out/>
</testsuite> <!-- cucumber.framework.runner.siloam.uploaddokumenpage.UploadDokumenOutlineRunner -->
