<?xml version="1.0" encoding="UTF-8"?>
<!-- Generated by org.testng.reporters.JUnitReportReporter -->
<testsuite hostname="RushTen" failures="0" tests="3" name="cucumber.framework.runner.siloam.ttddigitalpage.TandaTanganDigitalOutlineRunner" time="108.680" errors="0" timestamp="2022-10-06T22:41:12 ICT" skipped="0">
  <testcase classname="cucumber.framework.runner.siloam.ttddigitalpage.TandaTanganDigitalOutlineRunner" name="runScenario" time="42.214"/>
  <system-out/>
  <testcase classname="cucumber.framework.runner.siloam.ttddigitalpage.TandaTanganDigitalOutlineRunner" name="runScenario" time="32.770"/>
  <system-out/>
  <testcase classname="cucumber.framework.runner.siloam.ttddigitalpage.TandaTanganDigitalOutlineRunner" name="runScenario" time="33.696"/>
  <system-out/>
</testsuite> <!-- cucumber.framework.runner.siloam.ttddigitalpage.TandaTanganDigitalOutlineRunner -->
