<?xml version="1.0" encoding="UTF-8"?>
<!-- Generated by org.testng.reporters.JUnitReportReporter -->
<testsuite hostname="DESKTOP-26B5BFK" failures="0" tests="3" name="cucumber.framework.runner.nopc.scenefirst.LoginRunner" time="26.107" errors="0" timestamp="2022-09-23T18:23:00 ICT" skipped="0">
  <testcase classname="cucumber.framework.runner.nopc.scenefirst.LoginRunner" name="runScenario" time="17.859"/>
  <system-out/>
  <testcase classname="cucumber.framework.runner.nopc.scenefirst.LoginRunner" name="runScenario" time="1.808"/>
  <system-out/>
  <testcase classname="cucumber.framework.runner.nopc.scenefirst.LoginRunner" name="runScenario" time="6.440"/>
  <system-out/>
</testsuite> <!-- cucumber.framework.runner.nopc.scenefirst.LoginRunner -->
