<?xml version="1.0" encoding="UTF-8"?>
<!-- Generated by org.testng.reporters.JUnitReportReporter -->
<testsuite hostname="DESKTOP-26B5BFK" failures="0" tests="43" name="cucumber.framework.runner.siloam.inputdatapage.InputDataOutlineRunner" time="482.937" errors="1" timestamp="2022-10-04T12:11:32 ICT" skipped="0">
  <testcase classname="cucumber.framework.runner.siloam.inputdatapage.InputDataOutlineRunner" name="runScenario" time="10.866"/>
  <system-out/>
  <testcase classname="cucumber.framework.runner.siloam.inputdatapage.InputDataOutlineRunner" name="runScenario" time="10.003"/>
  <system-out/>
  <testcase classname="cucumber.framework.runner.siloam.inputdatapage.InputDataOutlineRunner" name="runScenario" time="10.870"/>
  <system-out/>
  <testcase classname="cucumber.framework.runner.siloam.inputdatapage.InputDataOutlineRunner" name="runScenario" time="11.903"/>
  <system-out/>
  <testcase classname="cucumber.framework.runner.siloam.inputdatapage.InputDataOutlineRunner" name="runScenario" time="10.906"/>
  <system-out/>
  <testcase classname="cucumber.framework.runner.siloam.inputdatapage.InputDataOutlineRunner" name="runScenario" time="11.898"/>
  <system-out/>
  <testcase classname="cucumber.framework.runner.siloam.inputdatapage.InputDataOutlineRunner" name="runScenario" time="9.799"/>
  <system-out/>
  <testcase classname="cucumber.framework.runner.siloam.inputdatapage.InputDataOutlineRunner" name="runScenario" time="11.897"/>
  <system-out/>
  <testcase classname="cucumber.framework.runner.siloam.inputdatapage.InputDataOutlineRunner" name="runScenario" time="10.901"/>
  <system-out/>
  <testcase classname="cucumber.framework.runner.siloam.inputdatapage.InputDataOutlineRunner" name="runScenario" time="11.423"/>
  <system-out/>
  <testcase classname="cucumber.framework.runner.siloam.inputdatapage.InputDataOutlineRunner" name="runScenario" time="10.863"/>
  <system-out/>
  <testcase classname="cucumber.framework.runner.siloam.inputdatapage.InputDataOutlineRunner" name="runScenario" time="10.854"/>
  <system-out/>
  <testcase classname="cucumber.framework.runner.siloam.inputdatapage.InputDataOutlineRunner" name="runScenario" time="10.893"/>
  <system-out/>
  <testcase classname="cucumber.framework.runner.siloam.inputdatapage.InputDataOutlineRunner" name="runScenario" time="10.923"/>
  <system-out/>
  <testcase classname="cucumber.framework.runner.siloam.inputdatapage.InputDataOutlineRunner" name="runScenario" time="10.819"/>
  <system-out/>
  <testcase classname="cucumber.framework.runner.siloam.inputdatapage.InputDataOutlineRunner" name="runScenario" time="11.917"/>
  <system-out/>
  <testcase classname="cucumber.framework.runner.siloam.inputdatapage.InputDataOutlineRunner" name="runScenario" time="11.946"/>
  <system-out/>
  <testcase classname="cucumber.framework.runner.siloam.inputdatapage.InputDataOutlineRunner" name="runScenario" time="10.889"/>
  <system-out/>
  <testcase classname="cucumber.framework.runner.siloam.inputdatapage.InputDataOutlineRunner" name="runScenario" time="10.898"/>
  <system-out/>
  <testcase classname="cucumber.framework.runner.siloam.inputdatapage.InputDataOutlineRunner" name="runScenario" time="10.818"/>
  <system-out/>
  <testcase classname="cucumber.framework.runner.siloam.inputdatapage.InputDataOutlineRunner" name="runScenario" time="11.230"/>
  <system-out/>
  <testcase classname="cucumber.framework.runner.siloam.inputdatapage.InputDataOutlineRunner" name="runScenario" time="10.869"/>
  <system-out/>
  <testcase classname="cucumber.framework.runner.siloam.inputdatapage.InputDataOutlineRunner" name="runScenario" time="10.873"/>
  <system-out/>
  <testcase classname="cucumber.framework.runner.siloam.inputdatapage.InputDataOutlineRunner" name="runScenario" time="11.941"/>
  <system-out/>
  <testcase classname="cucumber.framework.runner.siloam.inputdatapage.InputDataOutlineRunner" name="runScenario" time="9.804"/>
  <system-out/>
  <testcase classname="cucumber.framework.runner.siloam.inputdatapage.InputDataOutlineRunner" name="runScenario" time="1.420"/>
  <system-out/>
  <testcase classname="cucumber.framework.runner.siloam.inputdatapage.InputDataOutlineRunner" name="runScenario" time="11.107"/>
  <system-out/>
  <testcase classname="cucumber.framework.runner.siloam.inputdatapage.InputDataOutlineRunner" name="runScenario" time="9.414"/>
  <system-out/>
  <testcase classname="cucumber.framework.runner.siloam.inputdatapage.InputDataOutlineRunner" name="runScenario" time="10.894"/>
  <system-out/>
  <testcase classname="cucumber.framework.runner.siloam.inputdatapage.InputDataOutlineRunner" name="runScenario" time="12.178"/>
  <system-out/>
  <testcase classname="cucumber.framework.runner.siloam.inputdatapage.InputDataOutlineRunner" name="runScenario" time="9.924"/>
  <system-out/>
  <testcase classname="cucumber.framework.runner.siloam.inputdatapage.InputDataOutlineRunner" name="runScenario" time="10.835"/>
  <system-out/>
  <testcase classname="cucumber.framework.runner.siloam.inputdatapage.InputDataOutlineRunner" name="runScenario" time="9.824"/>
  <system-out/>
  <testcase classname="cucumber.framework.runner.siloam.inputdatapage.InputDataOutlineRunner" name="runScenario" time="11.901"/>
  <system-out/>
  <testcase classname="cucumber.framework.runner.siloam.inputdatapage.InputDataOutlineRunner" name="runScenario" time="30.933">
    <error message="Expected condition failed: waiting for visibility of Proxy element for: DefaultElementLocator &#039;By.xpath: //div[@role=&#039;alert&#039;]&#039; (tried for 10 second(s) with 500 milliseconds interval)" type="org.openqa.selenium.TimeoutException">
      <![CDATA[org.openqa.selenium.TimeoutException: Expected condition failed: waiting for visibility of Proxy element for: DefaultElementLocator 'By.xpath: //div[@role='alert']' (tried for 10 second(s) with 500 milliseconds interval)
at org.openqa.selenium.support.ui.WebDriverWait.timeoutException(WebDriverWait.java:87)
at org.openqa.selenium.support.ui.FluentWait.until(FluentWait.java:231)
at cucumber.framework.utils.Utils.driverWaitTxt(Utils.java:76)
at cucumber.framework.page.siloam.InputDataPage.msgAddSuccess(InputDataPage.java:305)
at cucumber.framework.runner.siloam.inputdatapage.TestInputDataValid.siloam300_validasi_pesan_input_data_berhasil(TestInputDataValid.java:53)
at âœ½.Siloam300 Validasi pesan input data berhasil(file:///C:/Users/Nexsoft/git/TugasAkhir/Novri/TA-SQUAD-KEL-SATU/TA-SQUAD-KEL-SATU/src/test/resources/features/siloam-outline/300ValidSalesInputData.feature:11)
Caused by: org.openqa.selenium.NoSuchElementException: no such element: Unable to locate element: {"method":"xpath","selector":"//div[@role='alert']"}
  (Session info: chrome=105.0.5195.127)
For documentation on this error, please visit: https://selenium.dev/exceptions/#no_such_element
Build info: version: '4.4.0', revision: 'e5c75ed026a'
System info: host: 'DESKTOP-26B5BFK', ip: '10.0.0.164', os.name: 'Windows 10', os.arch: 'amd64', os.version: '10.0', java.version: '17.0.4.1'
Driver info: org.openqa.selenium.chrome.ChromeDriver
Command: [d0ed40aec1b5eceac09652f594abdd05, findElement {using=xpath, value=//div[@role='alert']}]
Capabilities {acceptInsecureCerts: false, browserName: chrome, browserVersion: 105.0.5195.127, chrome: {chromedriverVersion: 105.0.5195.52 (412c95e51883..., userDataDir: C:\Users\Nexsoft\AppData\Lo...}, goog:chromeOptions: {debuggerAddress: localhost:51498}, networkConnectionEnabled: false, pageLoadStrategy: normal, platformName: WINDOWS, proxy: Proxy(), se:cdp: ws://localhost:51498/devtoo..., se:cdpVersion: 105.0.5195.127, setWindowRect: true, strictFileInteractability: false, timeouts: {implicit: 0, pageLoad: 300000, script: 30000}, unhandledPromptBehavior: dismiss and notify, webauthn:extension:credBlob: true, webauthn:extension:largeBlob: true, webauthn:virtualAuthenticators: true}
Session ID: d0ed40aec1b5eceac09652f594abdd05
at java.base/jdk.internal.reflect.NativeConstructorAccessorImpl.newInstance0(Native Method)
at java.base/jdk.internal.reflect.NativeConstructorAccessorImpl.newInstance(NativeConstructorAccessorImpl.java:77)
at java.base/jdk.internal.reflect.DelegatingConstructorAccessorImpl.newInstance(DelegatingConstructorAccessorImpl.java:45)
at java.base/java.lang.reflect.Constructor.newInstanceWithCaller(Constructor.java:499)
at java.base/java.lang.reflect.Constructor.newInstance(Constructor.java:480)
at org.openqa.selenium.remote.codec.w3c.W3CHttpResponseCodec.createException(W3CHttpResponseCodec.java:200)
at org.openqa.selenium.remote.codec.w3c.W3CHttpResponseCodec.decode(W3CHttpResponseCodec.java:133)
at org.openqa.selenium.remote.codec.w3c.W3CHttpResponseCodec.decode(W3CHttpResponseCodec.java:53)
at org.openqa.selenium.remote.HttpCommandExecutor.execute(HttpCommandExecutor.java:184)
at org.openqa.selenium.remote.service.DriverCommandExecutor.invokeExecute(DriverCommandExecutor.java:167)
at org.openqa.selenium.remote.service.DriverCommandExecutor.execute(DriverCommandExecutor.java:142)
at org.openqa.selenium.remote.RemoteWebDriver.execute(RemoteWebDriver.java:547)
at org.openqa.selenium.remote.ElementLocation$ElementFinder$2.findElement(ElementLocation.java:162)
at org.openqa.selenium.remote.ElementLocation.findElement(ElementLocation.java:60)
at org.openqa.selenium.remote.RemoteWebDriver.findElement(RemoteWebDriver.java:365)
at org.openqa.selenium.remote.RemoteWebDriver.findElement(RemoteWebDriver.java:357)
at org.openqa.selenium.support.pagefactory.DefaultElementLocator.findElement(DefaultElementLocator.java:70)
at org.openqa.selenium.support.pagefactory.internal.LocatingElementHandler.invoke(LocatingElementHandler.java:39)
at jdk.proxy2/jdk.proxy2.$Proxy30.isDisplayed(Unknown Source)
at org.openqa.selenium.support.ui.ExpectedConditions.elementIfVisible(ExpectedConditions.java:307)
at org.openqa.selenium.support.ui.ExpectedConditions.access$000(ExpectedConditions.java:40)
at org.openqa.selenium.support.ui.ExpectedConditions$10.apply(ExpectedConditions.java:293)
at org.openqa.selenium.support.ui.ExpectedConditions$10.apply(ExpectedConditions.java:290)
at org.openqa.selenium.support.ui.FluentWait.until(FluentWait.java:208)
at cucumber.framework.utils.Utils.driverWaitTxt(Utils.java:76)
at cucumber.framework.page.siloam.InputDataPage.msgAddSuccess(InputDataPage.java:305)
at cucumber.framework.runner.siloam.inputdatapage.TestInputDataValid.siloam300_validasi_pesan_input_data_berhasil(TestInputDataValid.java:53)
at java.base/jdk.internal.reflect.NativeMethodAccessorImpl.invoke0(Native Method)
at java.base/jdk.internal.reflect.NativeMethodAccessorImpl.invoke(NativeMethodAccessorImpl.java:77)
at java.base/jdk.internal.reflect.DelegatingMethodAccessorImpl.invoke(DelegatingMethodAccessorImpl.java:43)
at java.base/java.lang.reflect.Method.invoke(Method.java:568)
at io.cucumber.java.Invoker.doInvoke(Invoker.java:66)
at io.cucumber.java.Invoker.invoke(Invoker.java:24)
at io.cucumber.java.AbstractGlueDefinition.invokeMethod(AbstractGlueDefinition.java:47)
at io.cucumber.java.JavaStepDefinition.execute(JavaStepDefinition.java:29)
at io.cucumber.core.runner.CoreStepDefinition.execute(CoreStepDefinition.java:66)
at io.cucumber.core.runner.PickleStepDefinitionMatch.runStep(PickleStepDefinitionMatch.java:63)
at io.cucumber.core.runner.ExecutionMode$1.execute(ExecutionMode.java:10)
at io.cucumber.core.runner.TestStep.executeStep(TestStep.java:85)
at io.cucumber.core.runner.TestStep.run(TestStep.java:57)
at io.cucumber.core.runner.PickleStepTestStep.run(PickleStepTestStep.java:51)
at io.cucumber.core.runner.TestCase.run(TestCase.java:84)
at io.cucumber.core.runner.Runner.runPickle(Runner.java:75)
at io.cucumber.testng.TestNGCucumberRunner.lambda$runScenario$1(TestNGCucumberRunner.java:132)
at io.cucumber.core.runtime.CucumberExecutionContext.lambda$runTestCase$5(CucumberExecutionContext.java:129)
at io.cucumber.core.runtime.RethrowingThrowableCollector.executeAndThrow(RethrowingThrowableCollector.java:23)
at io.cucumber.core.runtime.CucumberExecutionContext.runTestCase(CucumberExecutionContext.java:129)
at io.cucumber.testng.TestNGCucumberRunner.runScenario(TestNGCucumberRunner.java:129)
at io.cucumber.testng.AbstractTestNGCucumberTests.runScenario(AbstractTestNGCucumberTests.java:35)
at java.base/jdk.internal.reflect.NativeMethodAccessorImpl.invoke0(Native Method)
at java.base/jdk.internal.reflect.NativeMethodAccessorImpl.invoke(NativeMethodAccessorImpl.java:77)
at java.base/jdk.internal.reflect.DelegatingMethodAccessorImpl.invoke(DelegatingMethodAccessorImpl.java:43)
at java.base/java.lang.reflect.Method.invoke(Method.java:568)
at org.testng.internal.invokers.MethodInvocationHelper.invokeMethod(MethodInvocationHelper.java:139)
at org.testng.internal.invokers.TestInvoker.invokeMethod(TestInvoker.java:677)
at org.testng.internal.invokers.TestInvoker.invokeTestMethod(TestInvoker.java:221)
at org.testng.internal.invokers.MethodRunner.runInSequence(MethodRunner.java:50)
at org.testng.internal.invokers.TestInvoker$MethodInvocationAgent.invoke(TestInvoker.java:962)
at org.testng.internal.invokers.TestInvoker.invokeTestMethods(TestInvoker.java:194)
at org.testng.internal.invokers.TestMethodWorker.invokeTestMethods(TestMethodWorker.java:148)
at org.testng.internal.invokers.TestMethodWorker.run(TestMethodWorker.java:128)
at java.base/java.util.ArrayList.forEach(ArrayList.java:1511)
at org.testng.TestRunner.privateRun(TestRunner.java:806)
at org.testng.TestRunner.run(TestRunner.java:601)
at org.testng.SuiteRunner.runTest(SuiteRunner.java:433)
at org.testng.SuiteRunner.runSequentially(SuiteRunner.java:427)
at org.testng.SuiteRunner.privateRun(SuiteRunner.java:387)
at org.testng.SuiteRunner.run(SuiteRunner.java:330)
at org.testng.SuiteRunnerWorker.runSuite(SuiteRunnerWorker.java:52)
at org.testng.SuiteRunnerWorker.run(SuiteRunnerWorker.java:95)
at org.testng.TestNG.runSuitesSequentially(TestNG.java:1256)
at org.testng.TestNG.runSuitesLocally(TestNG.java:1176)
at org.testng.TestNG.runSuites(TestNG.java:1099)
at org.testng.TestNG.run(TestNG.java:1067)
at org.testng.remote.AbstractRemoteTestNG.run(AbstractRemoteTestNG.java:115)
at org.testng.remote.RemoteTestNG.initAndRun(RemoteTestNG.java:251)
at org.testng.remote.RemoteTestNG.main(RemoteTestNG.java:77)
]]>
    </error>
  </testcase> <!-- runScenario -->
  <system-out/>
  <testcase classname="cucumber.framework.runner.siloam.inputdatapage.InputDataOutlineRunner" name="runScenario" time="9.000"/>
  <system-out/>
  <testcase classname="cucumber.framework.runner.siloam.inputdatapage.InputDataOutlineRunner" name="runScenario" time="10.860"/>
  <system-out/>
  <testcase classname="cucumber.framework.runner.siloam.inputdatapage.InputDataOutlineRunner" name="runScenario" time="10.885"/>
  <system-out/>
  <testcase classname="cucumber.framework.runner.siloam.inputdatapage.InputDataOutlineRunner" name="runScenario" time="11.946"/>
  <system-out/>
  <testcase classname="cucumber.framework.runner.siloam.inputdatapage.InputDataOutlineRunner" name="runScenario" time="11.124"/>
  <system-out/>
  <testcase classname="cucumber.framework.runner.siloam.inputdatapage.InputDataOutlineRunner" name="runScenario" time="12.360"/>
  <system-out/>
  <testcase classname="cucumber.framework.runner.siloam.inputdatapage.InputDataOutlineRunner" name="runScenario" time="10.212"/>
  <system-out/>
  <testcase classname="cucumber.framework.runner.siloam.inputdatapage.InputDataOutlineRunner" name="runScenario" time="12.117"/>
  <system-out/>
</testsuite> <!-- cucumber.framework.runner.siloam.inputdatapage.InputDataOutlineRunner -->
