<?xml version="1.0" encoding="UTF-8"?>
<!-- Generated by org.testng.reporters.JUnitReportReporter -->
<testsuite hostname="RushTen" failures="1" tests="18" name="cucumber.framework.runner.siloam.viewexportpage.ViewExportRunnerOutline" time="386.957" errors="0" timestamp="2022-10-08T14:43:24 ICT" skipped="0">
  <testcase classname="cucumber.framework.runner.siloam.viewexportpage.ViewExportRunnerOutline" name="runScenario" time="52.796"/>
  <system-out/>
  <testcase classname="cucumber.framework.runner.siloam.viewexportpage.ViewExportRunnerOutline" name="runScenario" time="50.118"/>
  <system-out/>
  <testcase classname="cucumber.framework.runner.siloam.viewexportpage.ViewExportRunnerOutline" name="runScenario" time="24.924"/>
  <system-out/>
  <testcase classname="cucumber.framework.runner.siloam.viewexportpage.ViewExportRunnerOutline" name="runScenario" time="15.471"/>
  <system-out/>
  <testcase classname="cucumber.framework.runner.siloam.viewexportpage.ViewExportRunnerOutline" name="runScenario" time="7.914"/>
  <system-out/>
  <testcase classname="cucumber.framework.runner.siloam.viewexportpage.ViewExportRunnerOutline" name="runScenario" time="23.717"/>
  <system-out/>
  <testcase classname="cucumber.framework.runner.siloam.viewexportpage.ViewExportRunnerOutline" name="runScenario" time="29.528"/>
  <system-out/>
  <testcase classname="cucumber.framework.runner.siloam.viewexportpage.ViewExportRunnerOutline" name="runScenario" time="37.437"/>
  <system-out/>
  <testcase classname="cucumber.framework.runner.siloam.viewexportpage.ViewExportRunnerOutline" name="runScenario" time="11.272"/>
  <system-out/>
  <testcase classname="cucumber.framework.runner.siloam.viewexportpage.ViewExportRunnerOutline" name="runScenario" time="13.280"/>
  <system-out/>
  <testcase classname="cucumber.framework.runner.siloam.viewexportpage.ViewExportRunnerOutline" name="runScenario" time="15.973"/>
  <system-out/>
  <testcase classname="cucumber.framework.runner.siloam.viewexportpage.ViewExportRunnerOutline" name="runScenario" time="7.547"/>
  <system-out/>
  <testcase classname="cucumber.framework.runner.siloam.viewexportpage.ViewExportRunnerOutline" name="runScenario" time="36.439">
    <failure type="java.lang.AssertionError">
      <![CDATA[java.lang.AssertionError
at org.junit.Assert.fail(Assert.java:92)
at org.junit.Assert.assertTrue(Assert.java:43)
at org.junit.Assert.assertFalse(Assert.java:68)
at org.junit.Assert.assertFalse(Assert.java:79)
at cucumber.framework.runner.siloam.viewexportpage.TestPreviewData.siloam050_validasi_data_pada_dokumen_pdf(TestPreviewData.java:82)
at âœ½.Siloam050 Validasi Data Pada Dokumen PDF(file:///C:/Users/ROG/git/Tugas%20Akhir/Novri/TA-SQUAD-KEL-SATU/TA-SQUAD-KEL-SATU/src/test/resources/features/siloam-outline/050AdminMenekanPreviewData.feature:11)
]]>
    </failure>
  </testcase> <!-- runScenario -->
  <system-out/>
  <testcase classname="cucumber.framework.runner.siloam.viewexportpage.ViewExportRunnerOutline" name="runScenario" time="7.906"/>
  <system-out/>
  <testcase classname="cucumber.framework.runner.siloam.viewexportpage.ViewExportRunnerOutline" name="runScenario" time="7.989"/>
  <system-out/>
  <testcase classname="cucumber.framework.runner.siloam.viewexportpage.ViewExportRunnerOutline" name="runScenario" time="15.289"/>
  <system-out/>
  <testcase classname="cucumber.framework.runner.siloam.viewexportpage.ViewExportRunnerOutline" name="runScenario" time="14.860"/>
  <system-out/>
  <testcase classname="cucumber.framework.runner.siloam.viewexportpage.ViewExportRunnerOutline" name="runScenario" time="14.497"/>
  <system-out/>
</testsuite> <!-- cucumber.framework.runner.siloam.viewexportpage.ViewExportRunnerOutline -->
