<?xml version="1.0" encoding="UTF-8"?>
<!-- Generated by org.testng.reporters.JUnitReportReporter -->
<testsuite hostname="DESKTOP-26B5BFK" failures="0" tests="4" name="cucumber.framework.runner.siloam.uploaddokumenpage.UploadDokumenOutlineRunner" time="45.630" errors="0" timestamp="2022-10-05T13:56:40 ICT" skipped="0">
  <testcase classname="cucumber.framework.runner.siloam.uploaddokumenpage.UploadDokumenOutlineRunner" name="runScenario" time="21.600"/>
  <system-out/>
  <testcase classname="cucumber.framework.runner.siloam.uploaddokumenpage.UploadDokumenOutlineRunner" name="runScenario" time="2.246"/>
  <system-out/>
  <testcase classname="cucumber.framework.runner.siloam.uploaddokumenpage.UploadDokumenOutlineRunner" name="runScenario" time="18.415"/>
  <system-out/>
  <testcase classname="cucumber.framework.runner.siloam.uploaddokumenpage.UploadDokumenOutlineRunner" name="runScenario" time="3.369"/>
  <system-out/>
</testsuite> <!-- cucumber.framework.runner.siloam.uploaddokumenpage.UploadDokumenOutlineRunner -->
